<?xml version="1.0" encoding="UTF-8"?>
<robot generator="Robot 4.0.1 (Python 3.8.5 on linux)" generated="20210514 04:49:00.406" rpa="false" schemaversion="2">
<suite id="s1" name="Jenkins Init" source="/home/ubuntu/ansible-jenkins/Robotframework/jenkins_init.robot">
<test id="s1-t1" name="start">
<kw name="open">
<kw name="Open Browser" library="SeleniumLibrary">
<arg>${URL}</arg>
<arg>${BROWSER}</arg>
<doc>Opens a new browser instance to the optional ``url``.</doc>
<msg timestamp="20210514 04:49:00.996" level="INFO">Opening browser 'headlesschrome' to base url 'http://localhost:8080'.</msg>
<status status="PASS" starttime="20210514 04:49:00.995" endtime="20210514 04:49:03.688"/>
</kw>
<status status="PASS" starttime="20210514 04:49:00.994" endtime="20210514 04:49:03.690"/>
</kw>
<status status="PASS" starttime="20210514 04:49:00.992" endtime="20210514 04:49:03.692"/>
</test>
<test id="s1-t2" name="inti secrets">
<kw name="Jenkins input secrets">
<kw name="Get File" library="OperatingSystem">
<var>${SECRETS}</var>
<arg>/tmp/inti_passowrd.txt</arg>
<doc>Returns the contents of a specified file.</doc>
<msg timestamp="20210514 04:49:03.704" level="INFO" html="true">Getting file '&lt;a href="file:///tmp/inti_passowrd.txt"&gt;/tmp/inti_passowrd.txt&lt;/a&gt;'.</msg>
<msg timestamp="20210514 04:49:03.705" level="INFO">${SECRETS} = e7cec8ad62304885a0d8252e1eb3115b</msg>
<status status="PASS" starttime="20210514 04:49:03.702" endtime="20210514 04:49:03.705"/>
</kw>
<kw name="Input Password" library="SeleniumLibrary">
<arg>${input_SECRETS}</arg>
<arg>${SECRETS}</arg>
<doc>Types the given password into the text field identified by ``locator``.</doc>
<msg timestamp="20210514 04:49:03.707" level="INFO">Typing password into text field 'xpath=//input[@class='form-control']'.</msg>
<msg timestamp="20210514 04:49:03.771" level="INFO">Temporally setting log level to: NONE</msg>
<msg timestamp="20210514 04:49:04.027" level="INFO">Log level changed from NONE to INFO.</msg>
<status status="PASS" starttime="20210514 04:49:03.706" endtime="20210514 04:49:04.028"/>
</kw>
<kw name="Log" library="BuiltIn">
<arg>${SECRETS}</arg>
<doc>Logs the given message with the given level.</doc>
<msg timestamp="20210514 04:49:04.029" level="INFO">e7cec8ad62304885a0d8252e1eb3115b</msg>
<status status="PASS" starttime="20210514 04:49:04.028" endtime="20210514 04:49:04.029"/>
</kw>
<kw name="Set Selenium Speed" library="SeleniumLibrary">
<arg>${DELAY}</arg>
<doc>Sets the delay that is waited after each Selenium command.</doc>
<status status="PASS" starttime="20210514 04:49:04.029" endtime="20210514 04:49:04.030"/>
</kw>
<kw name="Click Element" library="SeleniumLibrary">
<arg>${button}</arg>
<doc>Click the element identified by ``locator``.</doc>
<msg timestamp="20210514 04:49:04.032" level="INFO">Clicking element 'xpath=//input[@value='Continue']'.</msg>
<status status="PASS" starttime="20210514 04:49:04.031" endtime="20210514 04:49:09.151"/>
</kw>
<kw name="Set Selenium Speed" library="SeleniumLibrary">
<arg>${DELAY}</arg>
<doc>Sets the delay that is waited after each Selenium command.</doc>
<status status="PASS" starttime="20210514 04:49:09.151" endtime="20210514 04:49:09.152"/>
</kw>
<status status="PASS" starttime="20210514 04:49:03.701" endtime="20210514 04:49:09.153"/>
</kw>
<status status="PASS" starttime="20210514 04:49:03.695" endtime="20210514 04:49:09.154"/>
</test>
<test id="s1-t3" name="install plugin">
<kw name="Jenkins install plugin">
<kw name="Capture Page Screenshot" library="SeleniumLibrary">
<doc>Takes a screenshot of the current page and embeds it into a log file.</doc>
<msg timestamp="20210514 04:49:11.317" level="INFO" html="true">&lt;/td&gt;&lt;/tr&gt;&lt;tr&gt;&lt;td colspan="3"&gt;&lt;a href="selenium-screenshot-8.png"&gt;&lt;img src="selenium-screenshot-8.png" width="800px"&gt;&lt;/a&gt;</msg>
<status status="PASS" starttime="20210514 04:49:09.160" endtime="20210514 04:49:11.318"/>
</kw>
<kw name="Set Selenium Speed" library="SeleniumLibrary">
<arg>${DELAY}</arg>
<doc>Sets the delay that is waited after each Selenium command.</doc>
<status status="PASS" starttime="20210514 04:49:11.318" endtime="20210514 04:49:11.319"/>
</kw>
<kw name="Click Element" library="SeleniumLibrary">
<arg>${install_suggested}</arg>
<doc>Click the element identified by ``locator``.</doc>
<msg timestamp="20210514 04:49:11.320" level="INFO">Clicking element 'xpath=//*[@id="main-panel"]/div/div/div/div/div/div[2]/div/p[2]/a[1]'.</msg>
<status status="PASS" starttime="20210514 04:49:11.319" endtime="20210514 04:49:15.490"/>
</kw>
<kw name="Capture Page Screenshot" library="SeleniumLibrary">
<doc>Takes a screenshot of the current page and embeds it into a log file.</doc>
<msg timestamp="20210514 04:49:17.702" level="INFO" html="true">&lt;/td&gt;&lt;/tr&gt;&lt;tr&gt;&lt;td colspan="3"&gt;&lt;a href="selenium-screenshot-9.png"&gt;&lt;img src="selenium-screenshot-9.png" width="800px"&gt;&lt;/a&gt;</msg>
<status status="PASS" starttime="20210514 04:49:15.490" endtime="20210514 04:49:17.702"/>
</kw>
<kw name="Wait Until Page Contains Element" library="SeleniumLibrary">
<arg>${saveandcontinue}</arg>
<doc>Waits until the element ``locator`` appears on the current page.</doc>
<status status="PASS" starttime="20210514 04:49:17.703" endtime="20210514 04:55:43.019"/>
</kw>
<status status="PASS" starttime="20210514 04:49:09.159" endtime="20210514 04:55:43.021"/>
</kw>
<status status="PASS" starttime="20210514 04:49:09.157" endtime="20210514 04:55:43.025"/>
</test>
<test id="s1-t4" name="create admin user">
<kw name="Create First Admin User">
<kw name="Set Selenium Speed" library="SeleniumLibrary">
<arg>${DELAY}</arg>
<doc>Sets the delay that is waited after each Selenium command.</doc>
<status status="PASS" starttime="20210514 04:55:43.040" endtime="20210514 04:55:43.042"/>
</kw>
<kw name="Get Source" library="SeleniumLibrary">
<var>${html}</var>
<doc>Returns the entire HTML source of the current page or frame.</doc>
<msg timestamp="20210514 04:55:45.065" level="INFO">${html} = &lt;!DOCTYPE html&gt;&lt;html xmlns="http://www.w3.org/1999/xhtml" class=""&gt;&lt;head resurl="/static/245b907d" data-rooturl="" data-resurl="/static/245b907d" data-extensions-available="true" data-unit-test="false...</msg>
<status status="PASS" starttime="20210514 04:55:43.043" endtime="20210514 04:55:45.066"/>
</kw>
<kw name="Log" library="BuiltIn">
<arg>${html}</arg>
<doc>Logs the given message with the given level.</doc>
<msg timestamp="20210514 04:55:45.068" level="INFO">&lt;!DOCTYPE html&gt;&lt;html xmlns="http://www.w3.org/1999/xhtml" class=""&gt;&lt;head resurl="/static/245b907d" data-rooturl="" data-resurl="/static/245b907d" data-extensions-available="true" data-unit-test="false" data-imagesurl="/static/245b907d/images" data-crumb-header="Jenkins-Crumb" data-crumb-value="e81b93a7ead13eb8302d6bb43def30920104722e367ac875ecfc39401e64f2a8"&gt;
    
    

    &lt;title&gt;Setup Wizard [Jenkins]&lt;/title&gt;&lt;link rel="stylesheet" href="/static/245b907d/jsbundles/base-styles-v2.css" type="text/css" /&gt;&lt;link rel="stylesheet" href="/static/245b907d/css/color.css" type="text/css" /&gt;&lt;link rel="stylesheet" href="/static/245b907d/css/responsive-grid.css" type="text/css" /&gt;&lt;link rel="shortcut icon" href="/static/245b907d/favicon.ico" type="image/vnd.microsoft.icon" /&gt;&lt;link color="black" rel="mask-icon" href="/images/mask-icon.svg" /&gt;&lt;script src="/static/245b907d/scripts/prototype.js" type="text/javascript"&gt;&lt;/script&gt;&lt;script src="/static/245b907d/scripts/behavior.js" type="text/javascript"&gt;&lt;/script&gt;&lt;script src="/adjuncts/245b907d/org/kohsuke/stapler/bind.js" type="text/javascript"&gt;&lt;/script&gt;&lt;script src="/static/245b907d/scripts/yui/yahoo/yahoo-min.js"&gt;&lt;/script&gt;&lt;script src="/static/245b907d/scripts/yui/dom/dom-min.js"&gt;&lt;/script&gt;&lt;script src="/static/245b907d/scripts/yui/event/event-min.js"&gt;&lt;/script&gt;&lt;script src="/static/245b907d/scripts/yui/animation/animation-min.js"&gt;&lt;/script&gt;&lt;script src="/static/245b907d/scripts/yui/dragdrop/dragdrop-min.js"&gt;&lt;/script&gt;&lt;script src="/static/245b907d/scripts/yui/container/container-min.js"&gt;&lt;/script&gt;&lt;script src="/static/245b907d/scripts/yui/connection/connection-min.js"&gt;&lt;/script&gt;&lt;script src="/static/245b907d/scripts/yui/datasource/datasource-min.js"&gt;&lt;/script&gt;&lt;script src="/static/245b907d/scripts/yui/autocomplete/autocomplete-min.js"&gt;&lt;/script&gt;&lt;script src="/static/245b907d/scripts/yui/menu/menu-min.js"&gt;&lt;/script&gt;&lt;script src="/static/245b907d/scripts/yui/element/element-min.js"&gt;&lt;/script&gt;&lt;script src="/static/245b907d/scripts/yui/button/button-min.js"&gt;&lt;/script&gt;&lt;script src="/static/245b907d/scripts/yui/storage/storage-min.js"&gt;&lt;/script&gt;&lt;script src="/static/245b907d/scripts/polyfills.js" type="text/javascript"&gt;&lt;/script&gt;&lt;script src="/static/245b907d/scripts/hudson-behavior.js" type="text/javascript"&gt;&lt;/script&gt;&lt;script src="/static/245b907d/scripts/sortable.js" type="text/javascript"&gt;&lt;/script&gt;&lt;link rel="stylesheet" href="/static/245b907d/scripts/yui/container/assets/container.css" type="text/css" /&gt;&lt;link rel="stylesheet" href="/static/245b907d/scripts/yui/container/assets/skins/sam/container.css" type="text/css" /&gt;&lt;link rel="stylesheet" href="/static/245b907d/scripts/yui/menu/assets/skins/sam/menu.css" type="text/css" /&gt;&lt;link rel="stylesheet" href="/static/245b907d/jsbundles/ui-refresh-overrides.css" type="text/css" /&gt;&lt;link rel="search" href="/opensearch.xml" type="application/opensearchdescription+xml" title="Jenkins" /&gt;&lt;meta name="ROBOTS" content="INDEX,NOFOLLOW" /&gt;&lt;meta name="viewport" content="width=device-width, initial-scale=1" /&gt;&lt;script src="/static/245b907d/jsbundles/vendors.js" type="text/javascript"&gt;&lt;/script&gt;&lt;script src="/static/245b907d/jsbundles/page-init.js" type="text/javascript"&gt;&lt;/script&gt;&lt;script src="/static/245b907d/jsbundles/sortable-drag-drop.js" type="text/javascript"&gt;&lt;/script&gt;&lt;/head&gt;&lt;body data-model-type="jenkins.install.SetupWizard" id="jenkins" class="yui-skin-sam full-screen jenkins-2.277.4" data-version="2.277.4"&gt;&lt;iframe id="_yuiResizeMonitor" title="Text Resize Monitor" tabindex="-1" role="presentation" style="position: absolute; visibility: visible; background-color: transparent; border-width: 0px; width: 2em; height: 2em; left: 0px; top: -29px;"&gt;&lt;/iframe&gt;&lt;div id="tt" class="yui-module yui-overlay yui-tt yui-overlay-hidden" style="z-index: 999; visibility: hidden;"&gt;&lt;div class="bd"&gt;&lt;/div&gt;&lt;/div&gt;&lt;div id="page-body" class="clear"&gt;&lt;div id="main-panel"&gt;&lt;a name="skip2content"&gt;&lt;/a&gt;&lt;div class="plugin-setup-wizard-container"&gt;&lt;div class="plugin-setup-wizard bootstrap-3"&gt;
	&lt;div class="modal fade in" style="display: block;"&gt;
		&lt;div class="modal-dialog"&gt;
			&lt;div class="modal-content"&gt;




&lt;div class="modal-header"&gt;
    &lt;h4 class="modal-title"&gt;Getting Started&lt;/h4&gt;
&lt;/div&gt;
&lt;div class="modal-body"&gt;
    &lt;div class="jumbotron welcome-panel success-panel"&gt;
        &lt;h1&gt;Installation Failures&lt;/h1&gt;

        &lt;p&gt;Some plugins failed to install properly, you may retry installing them or continue without the failed plugins&lt;/p&gt;
        &lt;button type="button" class="btn btn-primary retry-failed-plugins"&gt;
            Retry
        &lt;/button&gt;
    &lt;/div&gt;

    &lt;div class="selected-plugin-progress success-panel"&gt;
        &lt;div class="selected-plugin success" data-name="cloudbees_folder"&gt;Folders&lt;/div&gt;
        &lt;div class="selected-plugin success" data-name="antisamy_markup_formatter"&gt;OWASP Markup Formatter&lt;/div&gt;
        &lt;div class="selected-plugin success" data-name="build_timeout"&gt;Build Timeout&lt;/div&gt;
        &lt;div class="selected-plugin success" data-name="credentials_binding"&gt;Credentials Binding&lt;/div&gt;
        &lt;div class="selected-plugin success" data-name="timestamper"&gt;Timestamper&lt;/div&gt;
        &lt;div class="selected-plugin fail" data-name="ws_cleanup"&gt;Workspace Cleanup&lt;/div&gt;
        &lt;div class="selected-plugin success" data-name="ant"&gt;Ant&lt;/div&gt;
        &lt;div class="selected-plugin success" data-name="gradle"&gt;Gradle&lt;/div&gt;
        &lt;div class="selected-plugin fail" data-name="workflow_aggregator"&gt;Pipeline&lt;/div&gt;
        &lt;div class="selected-plugin fail" data-name="github_branch_source"&gt;GitHub Branch Source&lt;/div&gt;
        &lt;div class="selected-plugin success" data-name="pipeline_github_lib"&gt;Pipeline: GitHub Groovy Libraries&lt;/div&gt;
        &lt;div class="selected-plugin fail" data-name="pipeline_stage_view"&gt;Pipeline: Stage View&lt;/div&gt;
        &lt;div class="selected-plugin success" data-name="git"&gt;Git&lt;/div&gt;
        &lt;div class="selected-plugin success" data-name="ssh_slaves"&gt;SSH Build Agents&lt;/div&gt;
        &lt;div class="selected-plugin success" data-name="matrix_auth"&gt;Matrix Authorization Strategy&lt;/div&gt;
        &lt;div class="selected-plugin success" data-name="pam_auth"&gt;PAM Authentication&lt;/div&gt;
        &lt;div class="selected-plugin success" data-name="ldap"&gt;LDAP&lt;/div&gt;
        &lt;div class="selected-plugin fail" data-name="email_ext"&gt;Email Extension&lt;/div&gt;
        &lt;div class="selected-plugin success" data-name="mailer"&gt;Mailer&lt;/div&gt;
    &lt;/div&gt;
&lt;/div&gt;
&lt;div class="modal-footer"&gt;&lt;div class="jenkins-version"&gt;Jenkins  2.277.4&lt;/div&gt;
    &lt;button type="button" class="btn btn-link continue-with-failed-plugins"&gt;
        Continue
    &lt;/button&gt;
    &lt;button type="button" class="btn btn-primary retry-failed-plugins"&gt;
        Retry
    &lt;/button&gt;
&lt;/div&gt;
&lt;/div&gt;
		&lt;/div&gt;
	&lt;/div&gt;
&lt;/div&gt;&lt;/div&gt;&lt;script type="text/javascript"&gt;
    var defaultUpdateSiteId = 'default';
    var setupWizardExtensions = [];
    var onSetupWizardInitialized = function(extension) {
      setupWizardExtensions.push(extension);
    };
  &lt;/script&gt;&lt;script src="/static/245b907d/jsbundles/pluginSetupWizard.js" type="text/javascript"&gt;&lt;/script&gt;&lt;link rel="stylesheet" href="/static/245b907d/jsbundles/pluginSetupWizard.css" type="text/css" /&gt;&lt;/div&gt;&lt;/div&gt;&lt;script async="true" src="/static/245b907d/scripts/svgxuse.min.js" type="text/javascript"&gt;&lt;/script&gt;&lt;/body&gt;&lt;/html&gt;</msg>
<status status="PASS" starttime="20210514 04:55:45.067" endtime="20210514 04:55:45.070"/>
</kw>
<kw name="Select Frame" library="SeleniumLibrary">
<arg>${createadmin_iframe}</arg>
<doc>Sets frame identified by ``locator`` as the current frame.</doc>
<msg timestamp="20210514 04:55:45.072" level="INFO">Selecting frame '//*[@id="setup-first-user"]'.</msg>
<kw name="Capture Page Screenshot" library="SeleniumLibrary">
<doc>Takes a screenshot of the current page and embeds it into a log file.</doc>
<msg timestamp="20210514 04:55:49.292" level="INFO" html="true">&lt;/td&gt;&lt;/tr&gt;&lt;tr&gt;&lt;td colspan="3"&gt;&lt;a href="selenium-screenshot-1.png"&gt;&lt;img src="selenium-screenshot-1.png" width="800px"&gt;&lt;/a&gt;</msg>
<status status="PASS" starttime="20210514 04:55:47.117" endtime="20210514 04:55:49.293"/>
</kw>
<msg timestamp="20210514 04:55:49.297" level="FAIL">Element with locator '//*[@id="setup-first-user"]' not found.</msg>
<status status="FAIL" starttime="20210514 04:55:45.070" endtime="20210514 04:55:49.297"/>
</kw>
<kw name="Capture Page Screenshot" library="SeleniumLibrary">
<doc>Takes a screenshot of the current page and embeds it into a log file.</doc>
<status status="NOT RUN" starttime="20210514 04:55:49.298" endtime="20210514 04:55:49.298"/>
</kw>
<kw name="Set Selenium Speed" library="SeleniumLibrary">
<arg>${DELAY}</arg>
<doc>Sets the delay that is waited after each Selenium command.</doc>
<status status="NOT RUN" starttime="20210514 04:55:49.298" endtime="20210514 04:55:49.298"/>
</kw>
<kw name="Input Text" library="SeleniumLibrary">
<arg>${input_USERNAME}</arg>
<arg>${USERNAME}</arg>
<doc>Types the given ``text`` into the text field identified by ``locator``.</doc>
<status status="NOT RUN" starttime="20210514 04:55:49.299" endtime="20210514 04:55:49.299"/>
</kw>
<kw name="Input Password" library="SeleniumLibrary">
<arg>${input_PASSWORD1}</arg>
<arg>${PASSWORD}</arg>
<doc>Types the given password into the text field identified by ``locator``.</doc>
<status status="NOT RUN" starttime="20210514 04:55:49.299" endtime="20210514 04:55:49.299"/>
</kw>
<kw name="Input Password" library="SeleniumLibrary">
<arg>${input_PASSWORD2}</arg>
<arg>${PASSWORD}</arg>
<doc>Types the given password into the text field identified by ``locator``.</doc>
<status status="NOT RUN" starttime="20210514 04:55:49.300" endtime="20210514 04:55:49.300"/>
</kw>
<kw name="Input Text" library="SeleniumLibrary">
<arg>${input_FULL_NAME}</arg>
<arg>${FULL_NAME}</arg>
<doc>Types the given ``text`` into the text field identified by ``locator``.</doc>
<status status="NOT RUN" starttime="20210514 04:55:49.300" endtime="20210514 04:55:49.300"/>
</kw>
<kw name="Input Text" library="SeleniumLibrary">
<arg>${input_EMAIL}</arg>
<arg>${EMAIL}</arg>
<doc>Types the given ``text`` into the text field identified by ``locator``.</doc>
<status status="NOT RUN" starttime="20210514 04:55:49.301" endtime="20210514 04:55:49.301"/>
</kw>
<kw name="Capture Page Screenshot" library="SeleniumLibrary">
<doc>Takes a screenshot of the current page and embeds it into a log file.</doc>
<status status="NOT RUN" starttime="20210514 04:55:49.301" endtime="20210514 04:55:49.301"/>
</kw>
<kw name="Unselect Frame" library="SeleniumLibrary">
<doc>Sets the main frame as the current frame.</doc>
<status status="NOT RUN" starttime="20210514 04:55:49.302" endtime="20210514 04:55:49.302"/>
</kw>
<kw name="Click Element" library="SeleniumLibrary">
<arg>${saveandcontinue}</arg>
<doc>Click the element identified by ``locator``.</doc>
<status status="NOT RUN" starttime="20210514 04:55:49.302" endtime="20210514 04:55:49.303"/>
</kw>
<status status="FAIL" starttime="20210514 04:55:43.037" endtime="20210514 04:55:49.304"/>
</kw>
<status status="FAIL" starttime="20210514 04:55:43.033" endtime="20210514 04:55:49.305">Element with locator '//*[@id="setup-first-user"]' not found.</status>
</test>
<test id="s1-t5" name="config Jenkins">
<kw name="Instance configuration">
<kw name="Capture Page Screenshot" library="SeleniumLibrary">
<doc>Takes a screenshot of the current page and embeds it into a log file.</doc>
<msg timestamp="20210514 04:55:51.510" level="INFO" html="true">&lt;/td&gt;&lt;/tr&gt;&lt;tr&gt;&lt;td colspan="3"&gt;&lt;a href="selenium-screenshot-2.png"&gt;&lt;img src="selenium-screenshot-2.png" width="800px"&gt;&lt;/a&gt;</msg>
<status status="PASS" starttime="20210514 04:55:49.310" endtime="20210514 04:55:51.510"/>
</kw>
<kw name="Click Element" library="SeleniumLibrary">
<arg>${saveandfinish}</arg>
<doc>Click the element identified by ``locator``.</doc>
<msg timestamp="20210514 04:55:51.512" level="INFO">Clicking element '//*[@id="main-panel"]/div/div/div/div/div/div[3]/button[2]'.</msg>
<status status="PASS" starttime="20210514 04:55:51.511" endtime="20210514 04:55:55.696"/>
</kw>
<kw name="Get Source" library="SeleniumLibrary">
<var>${html}</var>
<doc>Returns the entire HTML source of the current page or frame.</doc>
<msg timestamp="20210514 04:55:57.716" level="INFO">${html} = &lt;!DOCTYPE html&gt;&lt;html xmlns="http://www.w3.org/1999/xhtml" class=""&gt;&lt;head resurl="/static/245b907d" data-rooturl="" data-resurl="/static/245b907d" data-extensions-available="true" data-unit-test="false...</msg>
<status status="PASS" starttime="20210514 04:55:55.697" endtime="20210514 04:55:57.716"/>
</kw>
<kw name="Log" library="BuiltIn">
<arg>${html}</arg>
<doc>Logs the given message with the given level.</doc>
<msg timestamp="20210514 04:55:57.718" level="INFO">&lt;!DOCTYPE html&gt;&lt;html xmlns="http://www.w3.org/1999/xhtml" class=""&gt;&lt;head resurl="/static/245b907d" data-rooturl="" data-resurl="/static/245b907d" data-extensions-available="true" data-unit-test="false" data-imagesurl="/static/245b907d/images" data-crumb-header="Jenkins-Crumb" data-crumb-value="e81b93a7ead13eb8302d6bb43def30920104722e367ac875ecfc39401e64f2a8"&gt;
    
    

    &lt;title&gt;Setup Wizard [Jenkins]&lt;/title&gt;&lt;link rel="stylesheet" href="/static/245b907d/jsbundles/base-styles-v2.css" type="text/css" /&gt;&lt;link rel="stylesheet" href="/static/245b907d/css/color.css" type="text/css" /&gt;&lt;link rel="stylesheet" href="/static/245b907d/css/responsive-grid.css" type="text/css" /&gt;&lt;link rel="shortcut icon" href="/static/245b907d/favicon.ico" type="image/vnd.microsoft.icon" /&gt;&lt;link color="black" rel="mask-icon" href="/images/mask-icon.svg" /&gt;&lt;script src="/static/245b907d/scripts/prototype.js" type="text/javascript"&gt;&lt;/script&gt;&lt;script src="/static/245b907d/scripts/behavior.js" type="text/javascript"&gt;&lt;/script&gt;&lt;script src="/adjuncts/245b907d/org/kohsuke/stapler/bind.js" type="text/javascript"&gt;&lt;/script&gt;&lt;script src="/static/245b907d/scripts/yui/yahoo/yahoo-min.js"&gt;&lt;/script&gt;&lt;script src="/static/245b907d/scripts/yui/dom/dom-min.js"&gt;&lt;/script&gt;&lt;script src="/static/245b907d/scripts/yui/event/event-min.js"&gt;&lt;/script&gt;&lt;script src="/static/245b907d/scripts/yui/animation/animation-min.js"&gt;&lt;/script&gt;&lt;script src="/static/245b907d/scripts/yui/dragdrop/dragdrop-min.js"&gt;&lt;/script&gt;&lt;script src="/static/245b907d/scripts/yui/container/container-min.js"&gt;&lt;/script&gt;&lt;script src="/static/245b907d/scripts/yui/connection/connection-min.js"&gt;&lt;/script&gt;&lt;script src="/static/245b907d/scripts/yui/datasource/datasource-min.js"&gt;&lt;/script&gt;&lt;script src="/static/245b907d/scripts/yui/autocomplete/autocomplete-min.js"&gt;&lt;/script&gt;&lt;script src="/static/245b907d/scripts/yui/menu/menu-min.js"&gt;&lt;/script&gt;&lt;script src="/static/245b907d/scripts/yui/element/element-min.js"&gt;&lt;/script&gt;&lt;script src="/static/245b907d/scripts/yui/button/button-min.js"&gt;&lt;/script&gt;&lt;script src="/static/245b907d/scripts/yui/storage/storage-min.js"&gt;&lt;/script&gt;&lt;script src="/static/245b907d/scripts/polyfills.js" type="text/javascript"&gt;&lt;/script&gt;&lt;script src="/static/245b907d/scripts/hudson-behavior.js" type="text/javascript"&gt;&lt;/script&gt;&lt;script src="/static/245b907d/scripts/sortable.js" type="text/javascript"&gt;&lt;/script&gt;&lt;link rel="stylesheet" href="/static/245b907d/scripts/yui/container/assets/container.css" type="text/css" /&gt;&lt;link rel="stylesheet" href="/static/245b907d/scripts/yui/container/assets/skins/sam/container.css" type="text/css" /&gt;&lt;link rel="stylesheet" href="/static/245b907d/scripts/yui/menu/assets/skins/sam/menu.css" type="text/css" /&gt;&lt;link rel="stylesheet" href="/static/245b907d/jsbundles/ui-refresh-overrides.css" type="text/css" /&gt;&lt;link rel="search" href="/opensearch.xml" type="application/opensearchdescription+xml" title="Jenkins" /&gt;&lt;meta name="ROBOTS" content="INDEX,NOFOLLOW" /&gt;&lt;meta name="viewport" content="width=device-width, initial-scale=1" /&gt;&lt;script src="/static/245b907d/jsbundles/vendors.js" type="text/javascript"&gt;&lt;/script&gt;&lt;script src="/static/245b907d/jsbundles/page-init.js" type="text/javascript"&gt;&lt;/script&gt;&lt;script src="/static/245b907d/jsbundles/sortable-drag-drop.js" type="text/javascript"&gt;&lt;/script&gt;&lt;/head&gt;&lt;body data-model-type="jenkins.install.SetupWizard" id="jenkins" class="yui-skin-sam full-screen jenkins-2.277.4" data-version="2.277.4"&gt;&lt;iframe id="_yuiResizeMonitor" title="Text Resize Monitor" tabindex="-1" role="presentation" style="position: absolute; visibility: visible; background-color: transparent; border-width: 0px; width: 2em; height: 2em; left: 0px; top: -29px;"&gt;&lt;/iframe&gt;&lt;div id="tt" class="yui-module yui-overlay yui-tt yui-overlay-hidden" style="z-index: 999; visibility: hidden;"&gt;&lt;div class="bd"&gt;&lt;/div&gt;&lt;/div&gt;&lt;div id="page-body" class="clear"&gt;&lt;div id="main-panel"&gt;&lt;a name="skip2content"&gt;&lt;/a&gt;&lt;div class="plugin-setup-wizard-container"&gt;&lt;div class="plugin-setup-wizard bootstrap-3"&gt;
	&lt;div class="modal fade in" style="display: block;"&gt;
		&lt;div class="modal-dialog"&gt;
			&lt;div class="modal-content"&gt;







&lt;div class="modal-header"&gt;
	&lt;h4 class="modal-title"&gt;Getting Started&lt;/h4&gt;
&lt;/div&gt;
&lt;div class="modal-body installing-body"&gt;
	&lt;div class="jumbotron welcome-panel installing-panel"&gt;
		&lt;h1&gt;Getting Started&lt;/h1&gt;
		&lt;div class="progress"&gt;
		  &lt;div class="progress-bar progress-bar-striped active" role="progressbar" aria-valuenow="60" aria-valuemin="0" aria-valuemax="100" style="width: 82.4742%;"&gt;
		    &lt;span class="sr-only"&gt;Getting Started&lt;/span&gt;
		  &lt;/div&gt;
		&lt;/div&gt;
	&lt;/div&gt;

	&lt;div class="selected-plugin-progress"&gt;
		&lt;div class="selected-plugin fail" id="installing-jackson2_api" data-tooltip=""&gt;Jackson 2 API&lt;/div&gt;
		&lt;div class="selected-plugin fail" id="installing-echarts_api" data-tooltip=""&gt;ECharts API&lt;/div&gt;
		&lt;div class="selected-plugin fail" id="installing-junit" data-tooltip=""&gt;JUnit&lt;/div&gt;
		&lt;div class="selected-plugin fail" id="installing-matrix_project" data-tooltip=""&gt;Matrix Project&lt;/div&gt;
		&lt;div class="selected-plugin fail" id="installing-ws_cleanup" data-tooltip=""&gt;Workspace Cleanup&lt;/div&gt;
		&lt;div class="selected-plugin fail" id="installing-pipeline_rest_api" data-tooltip=""&gt;Pipeline: REST API&lt;/div&gt;
		&lt;div class="selected-plugin fail" id="installing-pipeline_stage_view" data-tooltip=""&gt;Pipeline: Stage View&lt;/div&gt;
		&lt;div class="selected-plugin fail" id="installing-pipeline_model_api" data-tooltip=""&gt;Pipeline: Model API&lt;/div&gt;
		&lt;div class="selected-plugin fail" id="installing-pipeline_model_extensions" data-tooltip=""&gt;Pipeline: Declarative Extension Points API&lt;/div&gt;
		&lt;div class="selected-plugin fail" id="installing-pipeline_model_definition" data-tooltip=""&gt;Pipeline: Declarative&lt;/div&gt;
		&lt;div class="selected-plugin fail" id="installing-lockable_resources" data-tooltip=""&gt;Lockable Resources&lt;/div&gt;
		&lt;div class="selected-plugin fail" id="installing-workflow_aggregator" data-tooltip=""&gt;Pipeline&lt;/div&gt;
		&lt;div class="selected-plugin fail" id="installing-jjwt_api" data-tooltip=""&gt;Java JSON Web Token (JJWT)&lt;/div&gt;
		&lt;div class="selected-plugin fail" id="installing-github_api" data-tooltip=""&gt;GitHub API&lt;/div&gt;
		&lt;div class="selected-plugin fail" id="installing-github" data-tooltip=""&gt;GitHub&lt;/div&gt;
		&lt;div class="selected-plugin fail" id="installing-github_branch_source" data-tooltip=""&gt;GitHub Branch Source&lt;/div&gt;
		&lt;div class="selected-plugin fail" id="installing-email_ext" data-tooltip=""&gt;Email Extension&lt;/div&gt;
	&lt;/div&gt;

	&lt;div class="install-console"&gt;
	  &lt;div class="install-console-scroll"&gt;
	    &lt;div class="install-text"&gt;&lt;div class="dependent"&gt;Folders&lt;/div&gt;&lt;div class="dependent"&gt;Trilead API&lt;/div&gt;&lt;div class="dependent"&gt;OWASP Markup Formatter&lt;/div&gt;&lt;div class="dependent"&gt;Structs&lt;/div&gt;&lt;div class="dependent"&gt;Pipeline: Step API&lt;/div&gt;&lt;div class="dependent"&gt;Token Macro&lt;/div&gt;&lt;div class="dependent"&gt;Build Timeout&lt;/div&gt;&lt;div class="dependent"&gt;Credentials&lt;/div&gt;&lt;div class="dependent"&gt;Plain Credentials&lt;/div&gt;&lt;div class="dependent"&gt;SSH Credentials&lt;/div&gt;&lt;div class="dependent"&gt;Credentials Binding&lt;/div&gt;&lt;div class="dependent"&gt;SCM API&lt;/div&gt;&lt;div class="dependent"&gt;Pipeline: API&lt;/div&gt;&lt;div class="dependent"&gt;Timestamper&lt;/div&gt;&lt;div class="dependent"&gt;Script Security&lt;/div&gt;&lt;div class="dependent"&gt;Plugin Utilities API&lt;/div&gt;&lt;div class="dependent"&gt;Font Awesome API&lt;/div&gt;&lt;div class="dependent"&gt;Popper.js API&lt;/div&gt;&lt;div class="dependent"&gt;JQuery3 API&lt;/div&gt;&lt;div class="dependent"&gt;Bootstrap 4 API&lt;/div&gt;&lt;div class="dependent"&gt;Snakeyaml API&lt;/div&gt;&lt;div class="selected"&gt;Jackson 2 API&lt;/div&gt;&lt;div class="selected"&gt;ECharts API&lt;/div&gt;&lt;div class="dependent"&gt;Display URL API&lt;/div&gt;&lt;div class="dependent"&gt;Pipeline: Supporting APIs&lt;/div&gt;&lt;div class="dependent"&gt;Checks API&lt;/div&gt;&lt;div class="selected"&gt;JUnit&lt;/div&gt;&lt;div class="selected"&gt;Matrix Project&lt;/div&gt;&lt;div class="dependent"&gt;Resource Disposer&lt;/div&gt;&lt;div class="selected"&gt;Workspace Cleanup&lt;/div&gt;&lt;div class="dependent"&gt;Ant&lt;/div&gt;&lt;div class="dependent"&gt;Durable Task&lt;/div&gt;&lt;div class="dependent"&gt;Pipeline: Nodes and Processes&lt;/div&gt;&lt;div class="dependent"&gt;Command Agent Launcher&lt;/div&gt;&lt;div class="dependent"&gt;Oracle Java SE Development Kit Installer&lt;/div&gt;&lt;div class="dependent"&gt;bouncycastle API&lt;/div&gt;&lt;div class="dependent"&gt;JavaScript GUI Lib: ACE Editor bundle&lt;/div&gt;&lt;div class="dependent"&gt;Pipeline: SCM Step&lt;/div&gt;&lt;div class="dependent"&gt;Pipeline: Groovy&lt;/div&gt;&lt;div class="dependent"&gt;Pipeline: Job&lt;/div&gt;&lt;div class="dependent"&gt;Mailer&lt;/div&gt;&lt;div class="dependent"&gt;Apache HttpComponents Client 4.x API&lt;/div&gt;&lt;div class="dependent"&gt;Pipeline: Basic Steps&lt;/div&gt;&lt;div class="dependent"&gt;Gradle&lt;/div&gt;&lt;div class="dependent"&gt;Pipeline: Milestone Step&lt;/div&gt;&lt;div class="dependent"&gt;Pipeline: Input Step&lt;/div&gt;&lt;div class="dependent"&gt;Pipeline: Stage Step&lt;/div&gt;&lt;div class="dependent"&gt;Pipeline Graph Analysis&lt;/div&gt;&lt;div class="selected"&gt;Pipeline: REST API&lt;/div&gt;&lt;div class="dependent"&gt;JavaScript GUI Lib: Handlebars bundle&lt;/div&gt;&lt;div class="dependent"&gt;JavaScript GUI Lib: Moment.js bundle&lt;/div&gt;&lt;div class="selected"&gt;Pipeline: Stage View&lt;/div&gt;&lt;div class="dependent"&gt;Pipeline: Build Step&lt;/div&gt;&lt;div class="selected"&gt;Pipeline: Model API&lt;/div&gt;&lt;div class="selected"&gt;Pipeline: Declarative Extension Points API&lt;/div&gt;&lt;div class="dependent"&gt;JSch dependency&lt;/div&gt;&lt;div class="dependent"&gt;Git client&lt;/div&gt;&lt;div class="dependent"&gt;GIT server&lt;/div&gt;&lt;div class="dependent"&gt;Pipeline: Shared Groovy Libraries&lt;/div&gt;&lt;div class="dependent"&gt;Branch API&lt;/div&gt;&lt;div class="dependent"&gt;Pipeline: Multibranch&lt;/div&gt;&lt;div class="dependent"&gt;Pipeline: Stage Tags Metadata&lt;/div&gt;&lt;div class="selected"&gt;Pipeline: Declarative&lt;/div&gt;&lt;div class="selected"&gt;Lockable Resources&lt;/div&gt;&lt;div class="selected"&gt;Pipeline&lt;/div&gt;&lt;div class="selected"&gt;Java JSON Web Token (JJWT)&lt;/div&gt;&lt;div class="dependent"&gt;OkHttp&lt;/div&gt;&lt;div class="selected"&gt;GitHub API&lt;/div&gt;&lt;div class="dependent"&gt;Git&lt;/div&gt;&lt;div class="selected"&gt;GitHub&lt;/div&gt;&lt;div class="selected"&gt;GitHub Branch Source&lt;/div&gt;&lt;div class="dependent"&gt;Pipeline: GitHub Groovy Libraries&lt;/div&gt;&lt;div class="selected"&gt;Pipeline: Stage View&lt;/div&gt;&lt;div class="dependent"&gt;Git&lt;/div&gt;&lt;div class="dependent"&gt;SSH Build Agents&lt;/div&gt;&lt;div class="dependent"&gt;Matrix Authorization Strategy&lt;/div&gt;&lt;div class="dependent"&gt;PAM Authentication&lt;/div&gt;&lt;div class="dependent"&gt;LDAP&lt;/div&gt;&lt;div class="selected"&gt;Email Extension&lt;/div&gt;&lt;div class="dependent"&gt;Mailer&lt;/div&gt;&lt;/div&gt;
	  &lt;/div&gt;
	  &lt;div class="dependency-legend"&gt;** - required dependency&lt;/div&gt;
	&lt;/div&gt;
&lt;/div&gt;
&lt;div class="modal-footer"&gt;&lt;div class="jenkins-version"&gt;Jenkins  2.277.4&lt;/div&gt;&lt;/div&gt;&lt;/div&gt;
		&lt;/div&gt;
	&lt;/div&gt;
&lt;/div&gt;&lt;/div&gt;&lt;script type="text/javascript"&gt;
    var defaultUpdateSiteId = 'default';
    var setupWizardExtensions = [];
    var onSetupWizardInitialized = function(extension) {
      setupWizardExtensions.push(extension);
    };
  &lt;/script&gt;&lt;script src="/static/245b907d/jsbundles/pluginSetupWizard.js" type="text/javascript"&gt;&lt;/script&gt;&lt;link rel="stylesheet" href="/static/245b907d/jsbundles/pluginSetupWizard.css" type="text/css" /&gt;&lt;/div&gt;&lt;/div&gt;&lt;script async="true" src="/static/245b907d/scripts/svgxuse.min.js" type="text/javascript"&gt;&lt;/script&gt;&lt;/body&gt;&lt;/html&gt;</msg>
<status status="PASS" starttime="20210514 04:55:57.717" endtime="20210514 04:55:57.720"/>
</kw>
<kw name="Capture Page Screenshot" library="SeleniumLibrary">
<doc>Takes a screenshot of the current page and embeds it into a log file.</doc>
<msg timestamp="20210514 04:56:00.006" level="INFO" html="true">&lt;/td&gt;&lt;/tr&gt;&lt;tr&gt;&lt;td colspan="3"&gt;&lt;a href="selenium-screenshot-3.png"&gt;&lt;img src="selenium-screenshot-3.png" width="800px"&gt;&lt;/a&gt;</msg>
<status status="PASS" starttime="20210514 04:55:57.720" endtime="20210514 04:56:00.007"/>
</kw>
<kw name="Click Element" library="SeleniumLibrary">
<arg>${installdone}</arg>
<doc>Click the element identified by ``locator``.</doc>
<msg timestamp="20210514 04:56:00.008" level="INFO">Clicking element '//*[@id="main-panel"]/div/div/div/div/div/div[2]/div/button'.</msg>
<kw name="Capture Page Screenshot" library="SeleniumLibrary">
<doc>Takes a screenshot of the current page and embeds it into a log file.</doc>
<msg timestamp="20210514 04:56:04.339" level="INFO" html="true">&lt;/td&gt;&lt;/tr&gt;&lt;tr&gt;&lt;td colspan="3"&gt;&lt;a href="selenium-screenshot-4.png"&gt;&lt;img src="selenium-screenshot-4.png" width="800px"&gt;&lt;/a&gt;</msg>
<status status="PASS" starttime="20210514 04:56:02.107" endtime="20210514 04:56:04.339"/>
</kw>
<msg timestamp="20210514 04:56:04.341" level="FAIL">Element with locator '//*[@id="main-panel"]/div/div/div/div/div/div[2]/div/button' not found.</msg>
<status status="FAIL" starttime="20210514 04:56:00.008" endtime="20210514 04:56:04.341"/>
</kw>
<kw name="Capture Page Screenshot" library="SeleniumLibrary">
<doc>Takes a screenshot of the current page and embeds it into a log file.</doc>
<status status="NOT RUN" starttime="20210514 04:56:04.342" endtime="20210514 04:56:04.342"/>
</kw>
<status status="FAIL" starttime="20210514 04:55:49.309" endtime="20210514 04:56:04.343"/>
</kw>
<kw name="Close Browser" library="SeleniumLibrary">
<doc>Closes the current browser.</doc>
<status status="NOT RUN" starttime="20210514 04:56:04.343" endtime="20210514 04:56:04.344"/>
</kw>
<status status="FAIL" starttime="20210514 04:55:49.307" endtime="20210514 04:56:04.345">Element with locator '//*[@id="main-panel"]/div/div/div/div/div/div[2]/div/button' not found.</status>
</test>
<doc>Jenkins Init</doc>
<status status="FAIL" starttime="20210514 04:49:00.409" endtime="20210514 04:56:04.351"/>
</suite>
<statistics>
<total>
<stat pass="3" fail="2" skip="0">All Tests</stat>
</total>
<tag>
</tag>
<suite>
<stat pass="3" fail="2" skip="0" id="s1" name="Jenkins Init">Jenkins Init</stat>
</suite>
</statistics>
<errors>
</errors>
</robot>
