<?xml version="1.0" encoding="UTF-8"?>
<robot generator="Robot 4.0.1 (Python 3.8.5 on linux)" generated="20210512 04:01:12.734" rpa="false" schemaversion="2">
<suite id="s1" name="Jenkins Init" source="/home/ubuntu/ansible-jenkins/Robotframework/jenkins_init.robot">
<test id="s1-t1" name="start">
<kw name="open">
<kw name="Open Browser" library="SeleniumLibrary">
<arg>${URL}</arg>
<arg>${BROWSER}</arg>
<doc>Opens a new browser instance to the optional ``url``.</doc>
<msg timestamp="20210512 04:01:13.296" level="INFO">Opening browser 'headlesschrome' to base url 'http://localhost:8080'.</msg>
<status status="PASS" starttime="20210512 04:01:13.295" endtime="20210512 04:01:20.818"/>
</kw>
<status status="PASS" starttime="20210512 04:01:13.293" endtime="20210512 04:01:20.819"/>
</kw>
<status status="PASS" starttime="20210512 04:01:13.290" endtime="20210512 04:01:20.819"/>
</test>
<test id="s1-t2" name="inti secrets">
<kw name="Jenkins input secrets">
<kw name="Input Password" library="SeleniumLibrary">
<arg>${input_SECRETS}</arg>
<arg>${SECRETS}</arg>
<doc>Types the given password into the text field identified by ``locator``.</doc>
<msg timestamp="20210512 04:01:20.845" level="INFO">Typing password into text field 'xpath=//input[@class='form-control']'.</msg>
<msg timestamp="20210512 04:01:20.937" level="INFO">Temporally setting log level to: NONE</msg>
<msg timestamp="20210512 04:01:21.223" level="INFO">Log level changed from NONE to INFO.</msg>
<status status="PASS" starttime="20210512 04:01:20.843" endtime="20210512 04:01:21.223"/>
</kw>
<kw name="Set Selenium Speed" library="SeleniumLibrary">
<arg>${DELAY}</arg>
<doc>Sets the delay that is waited after each Selenium command.</doc>
<status status="PASS" starttime="20210512 04:01:21.224" endtime="20210512 04:01:21.225"/>
</kw>
<kw name="Click Element" library="SeleniumLibrary">
<arg>${button}</arg>
<doc>Click the element identified by ``locator``.</doc>
<msg timestamp="20210512 04:01:21.227" level="INFO">Clicking element 'xpath=//input[@value='Continue']'.</msg>
<status status="PASS" starttime="20210512 04:01:21.226" endtime="20210512 04:01:26.334"/>
</kw>
<kw name="Set Selenium Speed" library="SeleniumLibrary">
<arg>${DELAY}</arg>
<doc>Sets the delay that is waited after each Selenium command.</doc>
<status status="PASS" starttime="20210512 04:01:26.334" endtime="20210512 04:01:26.335"/>
</kw>
<status status="PASS" starttime="20210512 04:01:20.840" endtime="20210512 04:01:26.335"/>
</kw>
<status status="PASS" starttime="20210512 04:01:20.837" endtime="20210512 04:01:26.336"/>
</test>
<test id="s1-t3" name="install plugin">
<kw name="Jenkins install plugin">
<kw name="Capture Page Screenshot" library="SeleniumLibrary">
<doc>Takes a screenshot of the current page and embeds it into a log file.</doc>
<msg timestamp="20210512 04:01:28.520" level="INFO" html="true">&lt;/td&gt;&lt;/tr&gt;&lt;tr&gt;&lt;td colspan="3"&gt;&lt;a href="selenium-screenshot-1.png"&gt;&lt;img src="selenium-screenshot-1.png" width="800px"&gt;&lt;/a&gt;</msg>
<status status="PASS" starttime="20210512 04:01:26.340" endtime="20210512 04:01:28.521"/>
</kw>
<kw name="Set Selenium Speed" library="SeleniumLibrary">
<arg>${DELAY}</arg>
<doc>Sets the delay that is waited after each Selenium command.</doc>
<status status="PASS" starttime="20210512 04:01:28.522" endtime="20210512 04:01:28.523"/>
</kw>
<kw name="Click Element" library="SeleniumLibrary">
<arg>${install_suggested}</arg>
<doc>Click the element identified by ``locator``.</doc>
<msg timestamp="20210512 04:01:28.525" level="INFO">Clicking element 'xpath=//*[@id="main-panel"]/div/div/div/div/div/div[2]/div/p[2]/a[1]'.</msg>
<status status="PASS" starttime="20210512 04:01:28.523" endtime="20210512 04:01:32.707"/>
</kw>
<kw name="Capture Page Screenshot" library="SeleniumLibrary">
<doc>Takes a screenshot of the current page and embeds it into a log file.</doc>
<msg timestamp="20210512 04:01:34.891" level="INFO" html="true">&lt;/td&gt;&lt;/tr&gt;&lt;tr&gt;&lt;td colspan="3"&gt;&lt;a href="selenium-screenshot-2.png"&gt;&lt;img src="selenium-screenshot-2.png" width="800px"&gt;&lt;/a&gt;</msg>
<status status="PASS" starttime="20210512 04:01:32.708" endtime="20210512 04:01:34.892"/>
</kw>
<kw name="Wait Until Page Contains Element" library="SeleniumLibrary">
<arg>${saveandcontinue}</arg>
<doc>Waits until the element ``locator`` appears on the current page.</doc>
<status status="PASS" starttime="20210512 04:01:34.892" endtime="20210512 04:11:51.854"/>
</kw>
<status status="PASS" starttime="20210512 04:01:26.339" endtime="20210512 04:11:51.856"/>
</kw>
<status status="PASS" starttime="20210512 04:01:26.338" endtime="20210512 04:11:51.857"/>
</test>
<test id="s1-t4" name="create admin user">
<kw name="Create First Admin User">
<kw name="Set Selenium Speed" library="SeleniumLibrary">
<arg>${DELAY}</arg>
<doc>Sets the delay that is waited after each Selenium command.</doc>
<status status="PASS" starttime="20210512 04:11:51.862" endtime="20210512 04:11:51.864"/>
</kw>
<kw name="Get Source" library="SeleniumLibrary">
<var>${html}</var>
<doc>Returns the entire HTML source of the current page or frame.</doc>
<msg timestamp="20210512 04:11:53.884" level="INFO">${html} = &lt;!DOCTYPE html&gt;&lt;html xmlns="http://www.w3.org/1999/xhtml" class=""&gt;&lt;head resurl="/static/e350166f" data-rooturl="" data-resurl="/static/e350166f" data-extensions-available="true" data-unit-test="false...</msg>
<status status="PASS" starttime="20210512 04:11:51.864" endtime="20210512 04:11:53.885"/>
</kw>
<kw name="Log" library="BuiltIn">
<arg>${html}</arg>
<doc>Logs the given message with the given level.</doc>
<msg timestamp="20210512 04:11:53.886" level="INFO">&lt;!DOCTYPE html&gt;&lt;html xmlns="http://www.w3.org/1999/xhtml" class=""&gt;&lt;head resurl="/static/e350166f" data-rooturl="" data-resurl="/static/e350166f" data-extensions-available="true" data-unit-test="false" data-imagesurl="/static/e350166f/images" data-crumb-header="Jenkins-Crumb" data-crumb-value="1a45d677ce58276736ee6754b8c20baf2a6fbab55f4cdc255b69e319a0e00b63"&gt;
    
    

    &lt;title&gt;Setup Wizard [Jenkins]&lt;/title&gt;&lt;link rel="stylesheet" href="/static/e350166f/jsbundles/base-styles-v2.css" type="text/css" /&gt;&lt;link rel="stylesheet" href="/static/e350166f/css/color.css" type="text/css" /&gt;&lt;link rel="stylesheet" href="/static/e350166f/css/responsive-grid.css" type="text/css" /&gt;&lt;link rel="shortcut icon" href="/static/e350166f/favicon.ico" type="image/vnd.microsoft.icon" /&gt;&lt;link color="black" rel="mask-icon" href="/images/mask-icon.svg" /&gt;&lt;script src="/static/e350166f/scripts/prototype.js" type="text/javascript"&gt;&lt;/script&gt;&lt;script src="/static/e350166f/scripts/behavior.js" type="text/javascript"&gt;&lt;/script&gt;&lt;script src="/adjuncts/e350166f/org/kohsuke/stapler/bind.js" type="text/javascript"&gt;&lt;/script&gt;&lt;script src="/static/e350166f/scripts/yui/yahoo/yahoo-min.js"&gt;&lt;/script&gt;&lt;script src="/static/e350166f/scripts/yui/dom/dom-min.js"&gt;&lt;/script&gt;&lt;script src="/static/e350166f/scripts/yui/event/event-min.js"&gt;&lt;/script&gt;&lt;script src="/static/e350166f/scripts/yui/animation/animation-min.js"&gt;&lt;/script&gt;&lt;script src="/static/e350166f/scripts/yui/dragdrop/dragdrop-min.js"&gt;&lt;/script&gt;&lt;script src="/static/e350166f/scripts/yui/container/container-min.js"&gt;&lt;/script&gt;&lt;script src="/static/e350166f/scripts/yui/connection/connection-min.js"&gt;&lt;/script&gt;&lt;script src="/static/e350166f/scripts/yui/datasource/datasource-min.js"&gt;&lt;/script&gt;&lt;script src="/static/e350166f/scripts/yui/autocomplete/autocomplete-min.js"&gt;&lt;/script&gt;&lt;script src="/static/e350166f/scripts/yui/menu/menu-min.js"&gt;&lt;/script&gt;&lt;script src="/static/e350166f/scripts/yui/element/element-min.js"&gt;&lt;/script&gt;&lt;script src="/static/e350166f/scripts/yui/button/button-min.js"&gt;&lt;/script&gt;&lt;script src="/static/e350166f/scripts/yui/storage/storage-min.js"&gt;&lt;/script&gt;&lt;script src="/static/e350166f/scripts/polyfills.js" type="text/javascript"&gt;&lt;/script&gt;&lt;script src="/static/e350166f/scripts/hudson-behavior.js" type="text/javascript"&gt;&lt;/script&gt;&lt;script src="/static/e350166f/scripts/sortable.js" type="text/javascript"&gt;&lt;/script&gt;&lt;link rel="stylesheet" href="/static/e350166f/scripts/yui/container/assets/container.css" type="text/css" /&gt;&lt;link rel="stylesheet" href="/static/e350166f/scripts/yui/container/assets/skins/sam/container.css" type="text/css" /&gt;&lt;link rel="stylesheet" href="/static/e350166f/scripts/yui/menu/assets/skins/sam/menu.css" type="text/css" /&gt;&lt;link rel="stylesheet" href="/static/e350166f/jsbundles/ui-refresh-overrides.css" type="text/css" /&gt;&lt;link rel="search" href="/opensearch.xml" type="application/opensearchdescription+xml" title="Jenkins" /&gt;&lt;meta name="ROBOTS" content="INDEX,NOFOLLOW" /&gt;&lt;meta name="viewport" content="width=device-width, initial-scale=1" /&gt;&lt;script src="/static/e350166f/jsbundles/vendors.js" type="text/javascript"&gt;&lt;/script&gt;&lt;script src="/static/e350166f/jsbundles/page-init.js" type="text/javascript"&gt;&lt;/script&gt;&lt;script src="/static/e350166f/jsbundles/sortable-drag-drop.js" type="text/javascript"&gt;&lt;/script&gt;&lt;/head&gt;&lt;body data-model-type="jenkins.install.SetupWizard" id="jenkins" class="yui-skin-sam full-screen jenkins-2.277.4" data-version="2.277.4"&gt;&lt;iframe id="_yuiResizeMonitor" title="Text Resize Monitor" tabindex="-1" role="presentation" style="position: absolute; visibility: visible; background-color: transparent; border-width: 0px; width: 2em; height: 2em; left: 0px; top: -29px;"&gt;&lt;/iframe&gt;&lt;div id="tt" class="yui-module yui-overlay yui-tt yui-overlay-hidden" style="z-index: 999; visibility: hidden;"&gt;&lt;div class="bd"&gt;&lt;/div&gt;&lt;/div&gt;&lt;div id="page-body" class="clear"&gt;&lt;div id="main-panel"&gt;&lt;a name="skip2content"&gt;&lt;/a&gt;&lt;div class="plugin-setup-wizard-container"&gt;&lt;div class="plugin-setup-wizard bootstrap-3"&gt;
	&lt;div class="modal fade in" style="display: block;"&gt;
		&lt;div class="modal-dialog"&gt;
			&lt;div class="modal-content"&gt;




&lt;div class="modal-header"&gt;
	&lt;h4 class="modal-title"&gt;Getting Started&lt;/h4&gt;
&lt;/div&gt;
&lt;div class="modal-body"&gt;
	&lt;div class="jumbotron welcome-panel security-panel"&gt;
		&lt;iframe src="/setupWizard/setupWizardFirstUser" id="setup-first-user"&gt;&lt;/iframe&gt;
	&lt;/div&gt;
&lt;/div&gt;
&lt;div class="modal-footer"&gt;&lt;div class="jenkins-version"&gt;Jenkins  2.277.4&lt;/div&gt;
    &lt;button type="button" class="btn btn-link skip-first-user"&gt;
        Skip and continue as admin
    &lt;/button&gt;
	&lt;button type="button" class="btn btn-primary save-first-user"&gt;
		Save and Continue
	&lt;/button&gt;
&lt;/div&gt;
&lt;/div&gt;
		&lt;/div&gt;
	&lt;/div&gt;
&lt;/div&gt;&lt;/div&gt;&lt;script type="text/javascript"&gt;
    var defaultUpdateSiteId = 'default';
    var setupWizardExtensions = [];
    var onSetupWizardInitialized = function(extension) {
      setupWizardExtensions.push(extension);
    };
  &lt;/script&gt;&lt;script src="/static/e350166f/jsbundles/pluginSetupWizard.js" type="text/javascript"&gt;&lt;/script&gt;&lt;link rel="stylesheet" href="/static/e350166f/jsbundles/pluginSetupWizard.css" type="text/css" /&gt;&lt;/div&gt;&lt;/div&gt;&lt;script async="true" src="/static/e350166f/scripts/svgxuse.min.js" type="text/javascript"&gt;&lt;/script&gt;&lt;/body&gt;&lt;/html&gt;</msg>
<status status="PASS" starttime="20210512 04:11:53.885" endtime="20210512 04:11:53.887"/>
</kw>
<kw name="Select Frame" library="SeleniumLibrary">
<arg>${createadmin_iframe}</arg>
<doc>Sets frame identified by ``locator`` as the current frame.</doc>
<msg timestamp="20210512 04:11:53.888" level="INFO">Selecting frame '//*[@id="setup-first-user"]'.</msg>
<status status="PASS" starttime="20210512 04:11:53.887" endtime="20210512 04:11:57.971"/>
</kw>
<kw name="Capture Page Screenshot" library="SeleniumLibrary">
<doc>Takes a screenshot of the current page and embeds it into a log file.</doc>
<msg timestamp="20210512 04:12:00.122" level="INFO" html="true">&lt;/td&gt;&lt;/tr&gt;&lt;tr&gt;&lt;td colspan="3"&gt;&lt;a href="selenium-screenshot-3.png"&gt;&lt;img src="selenium-screenshot-3.png" width="800px"&gt;&lt;/a&gt;</msg>
<status status="PASS" starttime="20210512 04:11:57.972" endtime="20210512 04:12:00.122"/>
</kw>
<kw name="Set Selenium Speed" library="SeleniumLibrary">
<arg>${DELAY}</arg>
<doc>Sets the delay that is waited after each Selenium command.</doc>
<status status="PASS" starttime="20210512 04:12:00.123" endtime="20210512 04:12:00.124"/>
</kw>
<kw name="Input Text" library="SeleniumLibrary">
<arg>${input_USERNAME}</arg>
<arg>${USERNAME}</arg>
<doc>Types the given ``text`` into the text field identified by ``locator``.</doc>
<msg timestamp="20210512 04:12:00.125" level="INFO">Typing text 'admin' into text field 'xpath=//*[@id="create-admin-user"]/form/div[1]/table/tbody/tr[1]/td[2]/input'.</msg>
<status status="PASS" starttime="20210512 04:12:00.124" endtime="20210512 04:12:06.327"/>
</kw>
<kw name="Input Password" library="SeleniumLibrary">
<arg>${input_PASSWORD1}</arg>
<arg>${PASSWORD}</arg>
<doc>Types the given password into the text field identified by ``locator``.</doc>
<msg timestamp="20210512 04:12:06.329" level="INFO">Typing password into text field 'xpath=//*[@id="create-admin-user"]/form/div[1]/table/tbody/tr[2]/td[2]/input'.</msg>
<msg timestamp="20210512 04:12:10.403" level="INFO">Temporally setting log level to: NONE</msg>
<msg timestamp="20210512 04:12:12.510" level="INFO">Log level changed from NONE to INFO.</msg>
<status status="PASS" starttime="20210512 04:12:06.328" endtime="20210512 04:12:12.511"/>
</kw>
<kw name="Input Password" library="SeleniumLibrary">
<arg>${input_PASSWORD2}</arg>
<arg>${PASSWORD}</arg>
<doc>Types the given password into the text field identified by ``locator``.</doc>
<msg timestamp="20210512 04:12:12.512" level="INFO">Typing password into text field 'xpath=//*[@id="create-admin-user"]/form/div[1]/table/tbody/tr[3]/td[2]/input'.</msg>
<msg timestamp="20210512 04:12:16.593" level="INFO">Temporally setting log level to: NONE</msg>
<msg timestamp="20210512 04:12:18.722" level="INFO">Log level changed from NONE to INFO.</msg>
<status status="PASS" starttime="20210512 04:12:12.511" endtime="20210512 04:12:18.723"/>
</kw>
<kw name="Input Text" library="SeleniumLibrary">
<arg>${input_FULL_NAME}</arg>
<arg>${FULL_NAME}</arg>
<doc>Types the given ``text`` into the text field identified by ``locator``.</doc>
<msg timestamp="20210512 04:12:18.724" level="INFO">Typing text 'adminjar' into text field 'xpath=//*[@id="create-admin-user"]/form/div[1]/table/tbody/tr[4]/td[2]/input'.</msg>
<status status="PASS" starttime="20210512 04:12:18.723" endtime="20210512 04:12:24.917"/>
</kw>
<kw name="Input Text" library="SeleniumLibrary">
<arg>${input_EMAIL}</arg>
<arg>${EMAIL}</arg>
<doc>Types the given ``text`` into the text field identified by ``locator``.</doc>
<msg timestamp="20210512 04:12:24.918" level="INFO">Typing text 'admin@gmail.com' into text field 'xpath=//*[@id="create-admin-user"]/form/div[1]/table/tbody/tr[5]/td[2]/input'.</msg>
<status status="PASS" starttime="20210512 04:12:24.917" endtime="20210512 04:12:31.139"/>
</kw>
<kw name="Capture Page Screenshot" library="SeleniumLibrary">
<doc>Takes a screenshot of the current page and embeds it into a log file.</doc>
<msg timestamp="20210512 04:12:33.300" level="INFO" html="true">&lt;/td&gt;&lt;/tr&gt;&lt;tr&gt;&lt;td colspan="3"&gt;&lt;a href="selenium-screenshot-4.png"&gt;&lt;img src="selenium-screenshot-4.png" width="800px"&gt;&lt;/a&gt;</msg>
<status status="PASS" starttime="20210512 04:12:31.140" endtime="20210512 04:12:33.301"/>
</kw>
<kw name="Unselect Frame" library="SeleniumLibrary">
<doc>Sets the main frame as the current frame.</doc>
<status status="PASS" starttime="20210512 04:12:33.301" endtime="20210512 04:12:35.309"/>
</kw>
<kw name="Click Element" library="SeleniumLibrary">
<arg>${saveandcontinue}</arg>
<doc>Click the element identified by ``locator``.</doc>
<msg timestamp="20210512 04:12:35.311" level="INFO">Clicking element '//*[@id="main-panel"]/div/div/div/div/div/div[3]/button[2]'.</msg>
<status status="PASS" starttime="20210512 04:12:35.310" endtime="20210512 04:12:39.536"/>
</kw>
<status status="PASS" starttime="20210512 04:11:51.861" endtime="20210512 04:12:39.537"/>
</kw>
<status status="PASS" starttime="20210512 04:11:51.860" endtime="20210512 04:12:39.537"/>
</test>
<test id="s1-t5" name="config Jenkins">
<kw name="Instance configuration">
<kw name="Capture Page Screenshot" library="SeleniumLibrary">
<doc>Takes a screenshot of the current page and embeds it into a log file.</doc>
<msg timestamp="20210512 04:12:41.678" level="INFO" html="true">&lt;/td&gt;&lt;/tr&gt;&lt;tr&gt;&lt;td colspan="3"&gt;&lt;a href="selenium-screenshot-5.png"&gt;&lt;img src="selenium-screenshot-5.png" width="800px"&gt;&lt;/a&gt;</msg>
<status status="PASS" starttime="20210512 04:12:39.542" endtime="20210512 04:12:41.678"/>
</kw>
<kw name="Click Element" library="SeleniumLibrary">
<arg>${saveandfinish}</arg>
<doc>Click the element identified by ``locator``.</doc>
<msg timestamp="20210512 04:12:41.679" level="INFO">Clicking element '//*[@id="main-panel"]/div/div/div/div/div/div[3]/button[2]'.</msg>
<status status="PASS" starttime="20210512 04:12:41.679" endtime="20210512 04:12:45.825"/>
</kw>
<kw name="Get Source" library="SeleniumLibrary">
<var>${html}</var>
<doc>Returns the entire HTML source of the current page or frame.</doc>
<msg timestamp="20210512 04:12:47.839" level="INFO">${html} = &lt;!DOCTYPE html&gt;&lt;html xmlns="http://www.w3.org/1999/xhtml" class=""&gt;&lt;head resurl="/static/e350166f" data-rooturl="" data-resurl="/static/e350166f" data-extensions-available="true" data-unit-test="false...</msg>
<status status="PASS" starttime="20210512 04:12:45.825" endtime="20210512 04:12:47.839"/>
</kw>
<kw name="Log" library="BuiltIn">
<arg>${html}</arg>
<doc>Logs the given message with the given level.</doc>
<msg timestamp="20210512 04:12:47.840" level="INFO">&lt;!DOCTYPE html&gt;&lt;html xmlns="http://www.w3.org/1999/xhtml" class=""&gt;&lt;head resurl="/static/e350166f" data-rooturl="" data-resurl="/static/e350166f" data-extensions-available="true" data-unit-test="false" data-imagesurl="/static/e350166f/images" data-crumb-header="Jenkins-Crumb" data-crumb-value="1a45d677ce58276736ee6754b8c20baf2a6fbab55f4cdc255b69e319a0e00b63"&gt;
    
    

    &lt;title&gt;Setup Wizard [Jenkins]&lt;/title&gt;&lt;link rel="stylesheet" href="/static/e350166f/jsbundles/base-styles-v2.css" type="text/css" /&gt;&lt;link rel="stylesheet" href="/static/e350166f/css/color.css" type="text/css" /&gt;&lt;link rel="stylesheet" href="/static/e350166f/css/responsive-grid.css" type="text/css" /&gt;&lt;link rel="shortcut icon" href="/static/e350166f/favicon.ico" type="image/vnd.microsoft.icon" /&gt;&lt;link color="black" rel="mask-icon" href="/images/mask-icon.svg" /&gt;&lt;script src="/static/e350166f/scripts/prototype.js" type="text/javascript"&gt;&lt;/script&gt;&lt;script src="/static/e350166f/scripts/behavior.js" type="text/javascript"&gt;&lt;/script&gt;&lt;script src="/adjuncts/e350166f/org/kohsuke/stapler/bind.js" type="text/javascript"&gt;&lt;/script&gt;&lt;script src="/static/e350166f/scripts/yui/yahoo/yahoo-min.js"&gt;&lt;/script&gt;&lt;script src="/static/e350166f/scripts/yui/dom/dom-min.js"&gt;&lt;/script&gt;&lt;script src="/static/e350166f/scripts/yui/event/event-min.js"&gt;&lt;/script&gt;&lt;script src="/static/e350166f/scripts/yui/animation/animation-min.js"&gt;&lt;/script&gt;&lt;script src="/static/e350166f/scripts/yui/dragdrop/dragdrop-min.js"&gt;&lt;/script&gt;&lt;script src="/static/e350166f/scripts/yui/container/container-min.js"&gt;&lt;/script&gt;&lt;script src="/static/e350166f/scripts/yui/connection/connection-min.js"&gt;&lt;/script&gt;&lt;script src="/static/e350166f/scripts/yui/datasource/datasource-min.js"&gt;&lt;/script&gt;&lt;script src="/static/e350166f/scripts/yui/autocomplete/autocomplete-min.js"&gt;&lt;/script&gt;&lt;script src="/static/e350166f/scripts/yui/menu/menu-min.js"&gt;&lt;/script&gt;&lt;script src="/static/e350166f/scripts/yui/element/element-min.js"&gt;&lt;/script&gt;&lt;script src="/static/e350166f/scripts/yui/button/button-min.js"&gt;&lt;/script&gt;&lt;script src="/static/e350166f/scripts/yui/storage/storage-min.js"&gt;&lt;/script&gt;&lt;script src="/static/e350166f/scripts/polyfills.js" type="text/javascript"&gt;&lt;/script&gt;&lt;script src="/static/e350166f/scripts/hudson-behavior.js" type="text/javascript"&gt;&lt;/script&gt;&lt;script src="/static/e350166f/scripts/sortable.js" type="text/javascript"&gt;&lt;/script&gt;&lt;link rel="stylesheet" href="/static/e350166f/scripts/yui/container/assets/container.css" type="text/css" /&gt;&lt;link rel="stylesheet" href="/static/e350166f/scripts/yui/container/assets/skins/sam/container.css" type="text/css" /&gt;&lt;link rel="stylesheet" href="/static/e350166f/scripts/yui/menu/assets/skins/sam/menu.css" type="text/css" /&gt;&lt;link rel="stylesheet" href="/static/e350166f/jsbundles/ui-refresh-overrides.css" type="text/css" /&gt;&lt;link rel="search" href="/opensearch.xml" type="application/opensearchdescription+xml" title="Jenkins" /&gt;&lt;meta name="ROBOTS" content="INDEX,NOFOLLOW" /&gt;&lt;meta name="viewport" content="width=device-width, initial-scale=1" /&gt;&lt;script src="/static/e350166f/jsbundles/vendors.js" type="text/javascript"&gt;&lt;/script&gt;&lt;script src="/static/e350166f/jsbundles/page-init.js" type="text/javascript"&gt;&lt;/script&gt;&lt;script src="/static/e350166f/jsbundles/sortable-drag-drop.js" type="text/javascript"&gt;&lt;/script&gt;&lt;/head&gt;&lt;body data-model-type="jenkins.install.SetupWizard" id="jenkins" class="yui-skin-sam full-screen jenkins-2.277.4" data-version="2.277.4"&gt;&lt;iframe id="_yuiResizeMonitor" title="Text Resize Monitor" tabindex="-1" role="presentation" style="position: absolute; visibility: visible; background-color: transparent; border-width: 0px; width: 2em; height: 2em; left: 0px; top: -29px;"&gt;&lt;/iframe&gt;&lt;div id="tt" class="yui-module yui-overlay yui-tt yui-overlay-hidden" style="z-index: 999; visibility: hidden;"&gt;&lt;div class="bd"&gt;&lt;/div&gt;&lt;/div&gt;&lt;div id="page-body" class="clear"&gt;&lt;div id="main-panel"&gt;&lt;a name="skip2content"&gt;&lt;/a&gt;&lt;div class="plugin-setup-wizard-container"&gt;&lt;div class="plugin-setup-wizard bootstrap-3"&gt;
	&lt;div class="modal fade in" style="display: block;"&gt;
		&lt;div class="modal-dialog"&gt;
			&lt;div class="modal-content"&gt;










&lt;div class="modal-header"&gt;
	&lt;h4 class="modal-title"&gt;Getting Started&lt;/h4&gt;
&lt;/div&gt;
&lt;div class="modal-body"&gt;
	&lt;div class="jumbotron welcome-panel success-panel"&gt;
		&lt;h1&gt;Jenkins is ready!&lt;/h1&gt;
		
		

		&lt;p&gt;Your Jenkins setup is complete.&lt;/p&gt;
		&lt;button type="button" class="btn btn-primary install-done"&gt;
			Start using Jenkins
		&lt;/button&gt;
	&lt;/div&gt;
&lt;/div&gt;
&lt;div class="modal-footer"&gt;&lt;div class="jenkins-version"&gt;Jenkins  2.277.4&lt;/div&gt;&lt;/div&gt;&lt;/div&gt;
		&lt;/div&gt;
	&lt;/div&gt;
&lt;/div&gt;&lt;/div&gt;&lt;script type="text/javascript"&gt;
    var defaultUpdateSiteId = 'default';
    var setupWizardExtensions = [];
    var onSetupWizardInitialized = function(extension) {
      setupWizardExtensions.push(extension);
    };
  &lt;/script&gt;&lt;script src="/static/e350166f/jsbundles/pluginSetupWizard.js" type="text/javascript"&gt;&lt;/script&gt;&lt;link rel="stylesheet" href="/static/e350166f/jsbundles/pluginSetupWizard.css" type="text/css" /&gt;&lt;/div&gt;&lt;/div&gt;&lt;script async="true" src="/static/e350166f/scripts/svgxuse.min.js" type="text/javascript"&gt;&lt;/script&gt;&lt;/body&gt;&lt;/html&gt;</msg>
<status status="PASS" starttime="20210512 04:12:47.840" endtime="20210512 04:12:47.841"/>
</kw>
<kw name="Capture Page Screenshot" library="SeleniumLibrary">
<doc>Takes a screenshot of the current page and embeds it into a log file.</doc>
<msg timestamp="20210512 04:12:49.966" level="INFO" html="true">&lt;/td&gt;&lt;/tr&gt;&lt;tr&gt;&lt;td colspan="3"&gt;&lt;a href="selenium-screenshot-6.png"&gt;&lt;img src="selenium-screenshot-6.png" width="800px"&gt;&lt;/a&gt;</msg>
<status status="PASS" starttime="20210512 04:12:47.841" endtime="20210512 04:12:49.967"/>
</kw>
<kw name="Click Element" library="SeleniumLibrary">
<arg>${installdone}</arg>
<doc>Click the element identified by ``locator``.</doc>
<msg timestamp="20210512 04:12:49.968" level="INFO">Clicking element '//*[@id="main-panel"]/div/div/div/div/div/div[2]/div/button'.</msg>
<status status="PASS" starttime="20210512 04:12:49.967" endtime="20210512 04:12:54.112"/>
</kw>
<kw name="Capture Page Screenshot" library="SeleniumLibrary">
<doc>Takes a screenshot of the current page and embeds it into a log file.</doc>
<msg timestamp="20210512 04:12:57.580" level="INFO" html="true">&lt;/td&gt;&lt;/tr&gt;&lt;tr&gt;&lt;td colspan="3"&gt;&lt;a href="selenium-screenshot-7.png"&gt;&lt;img src="selenium-screenshot-7.png" width="800px"&gt;&lt;/a&gt;</msg>
<status status="PASS" starttime="20210512 04:12:54.112" endtime="20210512 04:12:57.580"/>
</kw>
<status status="PASS" starttime="20210512 04:12:39.541" endtime="20210512 04:12:57.580"/>
</kw>
<kw name="Close Browser" library="SeleniumLibrary">
<doc>Closes the current browser.</doc>
<status status="PASS" starttime="20210512 04:12:57.581" endtime="20210512 04:12:59.654"/>
</kw>
<status status="PASS" starttime="20210512 04:12:39.540" endtime="20210512 04:12:59.655"/>
</test>
<status status="PASS" starttime="20210512 04:01:12.736" endtime="20210512 04:12:59.658"/>
</suite>
<statistics>
<total>
<stat pass="5" fail="0" skip="0">All Tests</stat>
</total>
<tag>
</tag>
<suite>
<stat pass="5" fail="0" skip="0" id="s1" name="Jenkins Init">Jenkins Init</stat>
</suite>
</statistics>
<errors>
</errors>
</robot>
