<?xml version="1.0" encoding="UTF-8"?>
<robot generator="Robot 4.0.1 (Python 3.8.5 on linux)" generated="20210511 08:54:13.412" rpa="false" schemaversion="2">
<suite id="s1" name="Jenkins Init" source="/home/ubuntu/Robotframework/jenkins_init.robot">
<test id="s1-t1" name="start">
<kw name="open">
<kw name="Open Browser" library="SeleniumLibrary">
<arg>${URL}</arg>
<arg>${BROWSER}</arg>
<doc>Opens a new browser instance to the optional ``url``.</doc>
<msg timestamp="20210511 08:54:14.292" level="INFO">Opening browser 'headlesschrome' to base url 'http://localhost:8080'.</msg>
<status status="PASS" starttime="20210511 08:54:14.290" endtime="20210511 08:54:30.829"/>
</kw>
<status status="PASS" starttime="20210511 08:54:14.288" endtime="20210511 08:54:30.837"/>
</kw>
<status status="PASS" starttime="20210511 08:54:14.282" endtime="20210511 08:54:30.842"/>
</test>
<test id="s1-t2" name="inti secrets">
<kw name="Jenkins input secrets">
<kw name="Input Password" library="SeleniumLibrary">
<arg>${input_SECRETS}</arg>
<arg>${SECRETS}</arg>
<doc>Types the given password into the text field identified by ``locator``.</doc>
<msg timestamp="20210511 08:54:30.873" level="INFO">Typing password into text field 'xpath=//input[@class='form-control']'.</msg>
<msg timestamp="20210511 08:54:31.005" level="INFO">Temporally setting log level to: NONE</msg>
<msg timestamp="20210511 08:54:31.459" level="INFO">Log level changed from NONE to INFO.</msg>
<status status="PASS" starttime="20210511 08:54:30.870" endtime="20210511 08:54:31.460"/>
</kw>
<kw name="Set Selenium Speed" library="SeleniumLibrary">
<arg>${DELAY}</arg>
<doc>Sets the delay that is waited after each Selenium command.</doc>
<status status="PASS" starttime="20210511 08:54:31.462" endtime="20210511 08:54:31.470"/>
</kw>
<kw name="Click Element" library="SeleniumLibrary">
<arg>${button}</arg>
<doc>Click the element identified by ``locator``.</doc>
<msg timestamp="20210511 08:54:31.472" level="INFO">Clicking element 'xpath=//input[@value='Continue']'.</msg>
<status status="PASS" starttime="20210511 08:54:31.470" endtime="20210511 08:54:37.743"/>
</kw>
<kw name="Set Selenium Speed" library="SeleniumLibrary">
<arg>${DELAY}</arg>
<doc>Sets the delay that is waited after each Selenium command.</doc>
<status status="PASS" starttime="20210511 08:54:37.744" endtime="20210511 08:54:37.744"/>
</kw>
<status status="PASS" starttime="20210511 08:54:30.867" endtime="20210511 08:54:37.745"/>
</kw>
<status status="PASS" starttime="20210511 08:54:30.859" endtime="20210511 08:54:37.749"/>
</test>
<test id="s1-t3" name="install plugin">
<kw name="Jenkins install plugin">
<kw name="Capture Page Screenshot" library="SeleniumLibrary">
<doc>Takes a screenshot of the current page and embeds it into a log file.</doc>
<msg timestamp="20210511 08:54:40.064" level="INFO" html="true">&lt;/td&gt;&lt;/tr&gt;&lt;tr&gt;&lt;td colspan="3"&gt;&lt;a href="selenium-screenshot-1.png"&gt;&lt;img src="selenium-screenshot-1.png" width="800px"&gt;&lt;/a&gt;</msg>
<status status="PASS" starttime="20210511 08:54:37.756" endtime="20210511 08:54:40.064"/>
</kw>
<kw name="Set Selenium Speed" library="SeleniumLibrary">
<arg>${DELAY}</arg>
<doc>Sets the delay that is waited after each Selenium command.</doc>
<status status="PASS" starttime="20210511 08:54:40.065" endtime="20210511 08:54:40.066"/>
</kw>
<kw name="Click Element" library="SeleniumLibrary">
<arg>${install_suggested}</arg>
<doc>Click the element identified by ``locator``.</doc>
<msg timestamp="20210511 08:54:40.066" level="INFO">Clicking element 'xpath=//*[@id="main-panel"]/div/div/div/div/div/div[2]/div/p[2]/a[1]'.</msg>
<status status="PASS" starttime="20210511 08:54:40.066" endtime="20210511 08:54:44.407"/>
</kw>
<kw name="Capture Page Screenshot" library="SeleniumLibrary">
<doc>Takes a screenshot of the current page and embeds it into a log file.</doc>
<msg timestamp="20210511 08:54:48.225" level="INFO" html="true">&lt;/td&gt;&lt;/tr&gt;&lt;tr&gt;&lt;td colspan="3"&gt;&lt;a href="selenium-screenshot-2.png"&gt;&lt;img src="selenium-screenshot-2.png" width="800px"&gt;&lt;/a&gt;</msg>
<status status="PASS" starttime="20210511 08:54:44.407" endtime="20210511 08:54:48.226"/>
</kw>
<kw name="Wait Until Page Contains Element" library="SeleniumLibrary">
<arg>${saveandcontinue}</arg>
<doc>Waits until the element ``locator`` appears on the current page.</doc>
<status status="PASS" starttime="20210511 08:54:48.226" endtime="20210511 09:08:06.582"/>
</kw>
<status status="PASS" starttime="20210511 08:54:37.753" endtime="20210511 09:08:06.591"/>
</kw>
<status status="PASS" starttime="20210511 08:54:37.751" endtime="20210511 09:08:06.600"/>
</test>
<test id="s1-t4" name="create admin user">
<kw name="Create First Admin User">
<kw name="Set Selenium Speed" library="SeleniumLibrary">
<arg>${DELAY}</arg>
<doc>Sets the delay that is waited after each Selenium command.</doc>
<status status="PASS" starttime="20210511 09:08:06.625" endtime="20210511 09:08:06.636"/>
</kw>
<kw name="Get Source" library="SeleniumLibrary">
<var>${html}</var>
<doc>Returns the entire HTML source of the current page or frame.</doc>
<msg timestamp="20210511 09:08:08.689" level="INFO">${html} = &lt;!DOCTYPE html&gt;&lt;html xmlns="http://www.w3.org/1999/xhtml" class=""&gt;&lt;head resurl="/static/6a87ae42" data-rooturl="" data-resurl="/static/6a87ae42" data-extensions-available="true" data-unit-test="false...</msg>
<status status="PASS" starttime="20210511 09:08:06.637" endtime="20210511 09:08:08.689"/>
</kw>
<kw name="Log" library="BuiltIn">
<arg>${html}</arg>
<doc>Logs the given message with the given level.</doc>
<msg timestamp="20210511 09:08:08.693" level="INFO">&lt;!DOCTYPE html&gt;&lt;html xmlns="http://www.w3.org/1999/xhtml" class=""&gt;&lt;head resurl="/static/6a87ae42" data-rooturl="" data-resurl="/static/6a87ae42" data-extensions-available="true" data-unit-test="false" data-imagesurl="/static/6a87ae42/images" data-crumb-header="Jenkins-Crumb" data-crumb-value="a586307f5febaf89ba1c3458a07dcfa1f4dbb8f7f5a2432b271478e94bd8d388"&gt;
    
    

    &lt;title&gt;Setup Wizard [Jenkins]&lt;/title&gt;&lt;link rel="stylesheet" href="/static/6a87ae42/jsbundles/base-styles-v2.css" type="text/css" /&gt;&lt;link rel="stylesheet" href="/static/6a87ae42/css/color.css" type="text/css" /&gt;&lt;link rel="stylesheet" href="/static/6a87ae42/css/responsive-grid.css" type="text/css" /&gt;&lt;link rel="shortcut icon" href="/static/6a87ae42/favicon.ico" type="image/vnd.microsoft.icon" /&gt;&lt;link color="black" rel="mask-icon" href="/images/mask-icon.svg" /&gt;&lt;script src="/static/6a87ae42/scripts/prototype.js" type="text/javascript"&gt;&lt;/script&gt;&lt;script src="/static/6a87ae42/scripts/behavior.js" type="text/javascript"&gt;&lt;/script&gt;&lt;script src="/adjuncts/6a87ae42/org/kohsuke/stapler/bind.js" type="text/javascript"&gt;&lt;/script&gt;&lt;script src="/static/6a87ae42/scripts/yui/yahoo/yahoo-min.js"&gt;&lt;/script&gt;&lt;script src="/static/6a87ae42/scripts/yui/dom/dom-min.js"&gt;&lt;/script&gt;&lt;script src="/static/6a87ae42/scripts/yui/event/event-min.js"&gt;&lt;/script&gt;&lt;script src="/static/6a87ae42/scripts/yui/animation/animation-min.js"&gt;&lt;/script&gt;&lt;script src="/static/6a87ae42/scripts/yui/dragdrop/dragdrop-min.js"&gt;&lt;/script&gt;&lt;script src="/static/6a87ae42/scripts/yui/container/container-min.js"&gt;&lt;/script&gt;&lt;script src="/static/6a87ae42/scripts/yui/connection/connection-min.js"&gt;&lt;/script&gt;&lt;script src="/static/6a87ae42/scripts/yui/datasource/datasource-min.js"&gt;&lt;/script&gt;&lt;script src="/static/6a87ae42/scripts/yui/autocomplete/autocomplete-min.js"&gt;&lt;/script&gt;&lt;script src="/static/6a87ae42/scripts/yui/menu/menu-min.js"&gt;&lt;/script&gt;&lt;script src="/static/6a87ae42/scripts/yui/element/element-min.js"&gt;&lt;/script&gt;&lt;script src="/static/6a87ae42/scripts/yui/button/button-min.js"&gt;&lt;/script&gt;&lt;script src="/static/6a87ae42/scripts/yui/storage/storage-min.js"&gt;&lt;/script&gt;&lt;script src="/static/6a87ae42/scripts/polyfills.js" type="text/javascript"&gt;&lt;/script&gt;&lt;script src="/static/6a87ae42/scripts/hudson-behavior.js" type="text/javascript"&gt;&lt;/script&gt;&lt;script src="/static/6a87ae42/scripts/sortable.js" type="text/javascript"&gt;&lt;/script&gt;&lt;link rel="stylesheet" href="/static/6a87ae42/scripts/yui/container/assets/container.css" type="text/css" /&gt;&lt;link rel="stylesheet" href="/static/6a87ae42/scripts/yui/container/assets/skins/sam/container.css" type="text/css" /&gt;&lt;link rel="stylesheet" href="/static/6a87ae42/scripts/yui/menu/assets/skins/sam/menu.css" type="text/css" /&gt;&lt;link rel="stylesheet" href="/static/6a87ae42/jsbundles/ui-refresh-overrides.css" type="text/css" /&gt;&lt;link rel="search" href="/opensearch.xml" type="application/opensearchdescription+xml" title="Jenkins" /&gt;&lt;meta name="ROBOTS" content="INDEX,NOFOLLOW" /&gt;&lt;meta name="viewport" content="width=device-width, initial-scale=1" /&gt;&lt;script src="/static/6a87ae42/jsbundles/vendors.js" type="text/javascript"&gt;&lt;/script&gt;&lt;script src="/static/6a87ae42/jsbundles/page-init.js" type="text/javascript"&gt;&lt;/script&gt;&lt;script src="/static/6a87ae42/jsbundles/sortable-drag-drop.js" type="text/javascript"&gt;&lt;/script&gt;&lt;/head&gt;&lt;body data-model-type="jenkins.install.SetupWizard" id="jenkins" class="yui-skin-sam full-screen jenkins-2.277.4" data-version="2.277.4"&gt;&lt;iframe id="_yuiResizeMonitor" title="Text Resize Monitor" tabindex="-1" role="presentation" style="position: absolute; visibility: visible; background-color: transparent; border-width: 0px; width: 2em; height: 2em; left: 0px; top: -29px;"&gt;&lt;/iframe&gt;&lt;div id="tt" class="yui-module yui-overlay yui-tt yui-overlay-hidden" style="z-index: 999; visibility: hidden;"&gt;&lt;div class="bd"&gt;&lt;/div&gt;&lt;/div&gt;&lt;div id="page-body" class="clear"&gt;&lt;div id="main-panel"&gt;&lt;a name="skip2content"&gt;&lt;/a&gt;&lt;div class="plugin-setup-wizard-container"&gt;&lt;div class="plugin-setup-wizard bootstrap-3"&gt;
	&lt;div class="modal fade in" style="display: block;"&gt;
		&lt;div class="modal-dialog"&gt;
			&lt;div class="modal-content"&gt;






&lt;div class="modal-header"&gt;
    &lt;h4 class="modal-title"&gt;Getting Started&lt;/h4&gt;
&lt;/div&gt;
&lt;div class="modal-body"&gt;
    &lt;div class="jumbotron welcome-panel success-panel"&gt;
        &lt;h1&gt;Installation Failures&lt;/h1&gt;

        &lt;p&gt;Some plugins failed to install properly, you may retry installing them or continue without the failed plugins&lt;/p&gt;
        &lt;button type="button" class="btn btn-primary retry-failed-plugins"&gt;
            Retry
        &lt;/button&gt;
    &lt;/div&gt;

    &lt;div class="selected-plugin-progress success-panel"&gt;
        &lt;div class="selected-plugin success" data-name="cloudbees_folder"&gt;Folders&lt;/div&gt;
        &lt;div class="selected-plugin success" data-name="antisamy_markup_formatter"&gt;OWASP Markup Formatter&lt;/div&gt;
        &lt;div class="selected-plugin success" data-name="build_timeout"&gt;Build Timeout&lt;/div&gt;
        &lt;div class="selected-plugin success" data-name="credentials_binding"&gt;Credentials Binding&lt;/div&gt;
        &lt;div class="selected-plugin success" data-name="timestamper"&gt;Timestamper&lt;/div&gt;
        &lt;div class="selected-plugin success" data-name="ws_cleanup"&gt;Workspace Cleanup&lt;/div&gt;
        &lt;div class="selected-plugin success" data-name="ant"&gt;Ant&lt;/div&gt;
        &lt;div class="selected-plugin fail" data-name="gradle"&gt;Gradle&lt;/div&gt;
        &lt;div class="selected-plugin fail" data-name="workflow_aggregator"&gt;Pipeline&lt;/div&gt;
        &lt;div class="selected-plugin fail" data-name="github_branch_source"&gt;GitHub Branch Source&lt;/div&gt;
        &lt;div class="selected-plugin fail" data-name="pipeline_github_lib"&gt;Pipeline: GitHub Groovy Libraries&lt;/div&gt;
        &lt;div class="selected-plugin success" data-name="pipeline_stage_view"&gt;Pipeline: Stage View&lt;/div&gt;
        &lt;div class="selected-plugin fail" data-name="git"&gt;Git&lt;/div&gt;
        &lt;div class="selected-plugin success" data-name="ssh_slaves"&gt;SSH Build Agents&lt;/div&gt;
        &lt;div class="selected-plugin success" data-name="matrix_auth"&gt;Matrix Authorization Strategy&lt;/div&gt;
        &lt;div class="selected-plugin success" data-name="pam_auth"&gt;PAM Authentication&lt;/div&gt;
        &lt;div class="selected-plugin success" data-name="ldap"&gt;LDAP&lt;/div&gt;
        &lt;div class="selected-plugin success" data-name="email_ext"&gt;Email Extension&lt;/div&gt;
        &lt;div class="selected-plugin success" data-name="mailer"&gt;Mailer&lt;/div&gt;
    &lt;/div&gt;
&lt;/div&gt;
&lt;div class="modal-footer"&gt;&lt;div class="jenkins-version"&gt;Jenkins  2.277.4&lt;/div&gt;
    &lt;button type="button" class="btn btn-link continue-with-failed-plugins"&gt;
        Continue
    &lt;/button&gt;
    &lt;button type="button" class="btn btn-primary retry-failed-plugins"&gt;
        Retry
    &lt;/button&gt;
&lt;/div&gt;
&lt;/div&gt;
		&lt;/div&gt;
	&lt;/div&gt;
&lt;/div&gt;&lt;/div&gt;&lt;script type="text/javascript"&gt;
    var defaultUpdateSiteId = 'default';
    var setupWizardExtensions = [];
    var onSetupWizardInitialized = function(extension) {
      setupWizardExtensions.push(extension);
    };
  &lt;/script&gt;&lt;script src="/static/6a87ae42/jsbundles/pluginSetupWizard.js" type="text/javascript"&gt;&lt;/script&gt;&lt;link rel="stylesheet" href="/static/6a87ae42/jsbundles/pluginSetupWizard.css" type="text/css" /&gt;&lt;/div&gt;&lt;/div&gt;&lt;script async="true" src="/static/6a87ae42/scripts/svgxuse.min.js" type="text/javascript"&gt;&lt;/script&gt;&lt;/body&gt;&lt;/html&gt;</msg>
<status status="PASS" starttime="20210511 09:08:08.691" endtime="20210511 09:08:08.696"/>
</kw>
<kw name="Select Frame" library="SeleniumLibrary">
<arg>${createadmin_iframe}</arg>
<doc>Sets frame identified by ``locator`` as the current frame.</doc>
<msg timestamp="20210511 09:08:08.706" level="INFO">Selecting frame '//*[@id="setup-first-user"]'.</msg>
<kw name="Capture Page Screenshot" library="SeleniumLibrary">
<doc>Takes a screenshot of the current page and embeds it into a log file.</doc>
<msg timestamp="20210511 09:08:14.845" level="INFO" html="true">&lt;/td&gt;&lt;/tr&gt;&lt;tr&gt;&lt;td colspan="3"&gt;&lt;a href="selenium-screenshot-1.png"&gt;&lt;img src="selenium-screenshot-1.png" width="800px"&gt;&lt;/a&gt;</msg>
<status status="PASS" starttime="20210511 09:08:10.781" endtime="20210511 09:08:14.847"/>
</kw>
<msg timestamp="20210511 09:08:14.876" level="FAIL">Element with locator '//*[@id="setup-first-user"]' not found.</msg>
<status status="FAIL" starttime="20210511 09:08:08.702" endtime="20210511 09:08:14.876"/>
</kw>
<kw name="Capture Page Screenshot" library="SeleniumLibrary">
<doc>Takes a screenshot of the current page and embeds it into a log file.</doc>
<status status="NOT RUN" starttime="20210511 09:08:14.877" endtime="20210511 09:08:14.877"/>
</kw>
<kw name="Set Selenium Speed" library="SeleniumLibrary">
<arg>${DELAY}</arg>
<doc>Sets the delay that is waited after each Selenium command.</doc>
<status status="NOT RUN" starttime="20210511 09:08:14.878" endtime="20210511 09:08:14.879"/>
</kw>
<kw name="Input Text" library="SeleniumLibrary">
<arg>${input_USERNAME}</arg>
<arg>${USERNAME}</arg>
<doc>Types the given ``text`` into the text field identified by ``locator``.</doc>
<status status="NOT RUN" starttime="20210511 09:08:14.880" endtime="20210511 09:08:14.881"/>
</kw>
<kw name="Input Password" library="SeleniumLibrary">
<arg>${input_PASSWORD1}</arg>
<arg>${PASSWORD}</arg>
<doc>Types the given password into the text field identified by ``locator``.</doc>
<status status="NOT RUN" starttime="20210511 09:08:14.882" endtime="20210511 09:08:14.882"/>
</kw>
<kw name="Input Password" library="SeleniumLibrary">
<arg>${input_PASSWORD2}</arg>
<arg>${PASSWORD}</arg>
<doc>Types the given password into the text field identified by ``locator``.</doc>
<status status="NOT RUN" starttime="20210511 09:08:14.883" endtime="20210511 09:08:14.883"/>
</kw>
<kw name="Input Text" library="SeleniumLibrary">
<arg>${input_FULL_NAME}</arg>
<arg>${FULL_NAME}</arg>
<doc>Types the given ``text`` into the text field identified by ``locator``.</doc>
<status status="NOT RUN" starttime="20210511 09:08:14.884" endtime="20210511 09:08:14.884"/>
</kw>
<kw name="Input Text" library="SeleniumLibrary">
<arg>${input_EMAIL}</arg>
<arg>${EMAIL}</arg>
<doc>Types the given ``text`` into the text field identified by ``locator``.</doc>
<status status="NOT RUN" starttime="20210511 09:08:14.884" endtime="20210511 09:08:14.884"/>
</kw>
<kw name="Capture Page Screenshot" library="SeleniumLibrary">
<doc>Takes a screenshot of the current page and embeds it into a log file.</doc>
<status status="NOT RUN" starttime="20210511 09:08:14.885" endtime="20210511 09:08:14.885"/>
</kw>
<kw name="Unselect Frame" library="SeleniumLibrary">
<doc>Sets the main frame as the current frame.</doc>
<status status="NOT RUN" starttime="20210511 09:08:14.885" endtime="20210511 09:08:14.886"/>
</kw>
<kw name="Click Element" library="SeleniumLibrary">
<arg>${saveandcontinue}</arg>
<doc>Click the element identified by ``locator``.</doc>
<status status="NOT RUN" starttime="20210511 09:08:14.886" endtime="20210511 09:08:14.886"/>
</kw>
<status status="FAIL" starttime="20210511 09:08:06.618" endtime="20210511 09:08:14.888"/>
</kw>
<status status="FAIL" starttime="20210511 09:08:06.611" endtime="20210511 09:08:14.892">Element with locator '//*[@id="setup-first-user"]' not found.</status>
</test>
<test id="s1-t5" name="config Jenkins">
<kw name="Instance configuration">
<kw name="Capture Page Screenshot" library="SeleniumLibrary">
<doc>Takes a screenshot of the current page and embeds it into a log file.</doc>
<msg timestamp="20210511 09:08:17.764" level="INFO" html="true">&lt;/td&gt;&lt;/tr&gt;&lt;tr&gt;&lt;td colspan="3"&gt;&lt;a href="selenium-screenshot-2.png"&gt;&lt;img src="selenium-screenshot-2.png" width="800px"&gt;&lt;/a&gt;</msg>
<status status="PASS" starttime="20210511 09:08:14.919" endtime="20210511 09:08:17.771"/>
</kw>
<kw name="Click Element" library="SeleniumLibrary">
<arg>${saveandfinish}</arg>
<doc>Click the element identified by ``locator``.</doc>
<msg timestamp="20210511 09:08:17.779" level="INFO">Clicking element '//*[@id="main-panel"]/div/div/div/div/div/div[3]/button[2]'.</msg>
<status status="PASS" starttime="20210511 09:08:17.772" endtime="20210511 09:08:32.326"/>
</kw>
<kw name="Get Source" library="SeleniumLibrary">
<var>${html}</var>
<doc>Returns the entire HTML source of the current page or frame.</doc>
<msg timestamp="20210511 09:08:56.670" level="INFO">${html} = &lt;!DOCTYPE html&gt;&lt;html xmlns="http://www.w3.org/1999/xhtml" class=""&gt;&lt;head resurl="/static/6a87ae42" data-rooturl="" data-resurl="/static/6a87ae42" data-extensions-available="true" data-unit-test="false...</msg>
<status status="PASS" starttime="20210511 09:08:32.335" endtime="20210511 09:08:56.673"/>
</kw>
<kw name="Log" library="BuiltIn">
<arg>${html}</arg>
<doc>Logs the given message with the given level.</doc>
<msg timestamp="20210511 09:08:56.889" level="INFO">&lt;!DOCTYPE html&gt;&lt;html xmlns="http://www.w3.org/1999/xhtml" class=""&gt;&lt;head resurl="/static/6a87ae42" data-rooturl="" data-resurl="/static/6a87ae42" data-extensions-available="true" data-unit-test="false" data-imagesurl="/static/6a87ae42/images" data-crumb-header="Jenkins-Crumb" data-crumb-value="a586307f5febaf89ba1c3458a07dcfa1f4dbb8f7f5a2432b271478e94bd8d388"&gt;
    
    

    &lt;title&gt;Setup Wizard [Jenkins]&lt;/title&gt;&lt;link rel="stylesheet" href="/static/6a87ae42/jsbundles/base-styles-v2.css" type="text/css" /&gt;&lt;link rel="stylesheet" href="/static/6a87ae42/css/color.css" type="text/css" /&gt;&lt;link rel="stylesheet" href="/static/6a87ae42/css/responsive-grid.css" type="text/css" /&gt;&lt;link rel="shortcut icon" href="/static/6a87ae42/favicon.ico" type="image/vnd.microsoft.icon" /&gt;&lt;link color="black" rel="mask-icon" href="/images/mask-icon.svg" /&gt;&lt;script src="/static/6a87ae42/scripts/prototype.js" type="text/javascript"&gt;&lt;/script&gt;&lt;script src="/static/6a87ae42/scripts/behavior.js" type="text/javascript"&gt;&lt;/script&gt;&lt;script src="/adjuncts/6a87ae42/org/kohsuke/stapler/bind.js" type="text/javascript"&gt;&lt;/script&gt;&lt;script src="/static/6a87ae42/scripts/yui/yahoo/yahoo-min.js"&gt;&lt;/script&gt;&lt;script src="/static/6a87ae42/scripts/yui/dom/dom-min.js"&gt;&lt;/script&gt;&lt;script src="/static/6a87ae42/scripts/yui/event/event-min.js"&gt;&lt;/script&gt;&lt;script src="/static/6a87ae42/scripts/yui/animation/animation-min.js"&gt;&lt;/script&gt;&lt;script src="/static/6a87ae42/scripts/yui/dragdrop/dragdrop-min.js"&gt;&lt;/script&gt;&lt;script src="/static/6a87ae42/scripts/yui/container/container-min.js"&gt;&lt;/script&gt;&lt;script src="/static/6a87ae42/scripts/yui/connection/connection-min.js"&gt;&lt;/script&gt;&lt;script src="/static/6a87ae42/scripts/yui/datasource/datasource-min.js"&gt;&lt;/script&gt;&lt;script src="/static/6a87ae42/scripts/yui/autocomplete/autocomplete-min.js"&gt;&lt;/script&gt;&lt;script src="/static/6a87ae42/scripts/yui/menu/menu-min.js"&gt;&lt;/script&gt;&lt;script src="/static/6a87ae42/scripts/yui/element/element-min.js"&gt;&lt;/script&gt;&lt;script src="/static/6a87ae42/scripts/yui/button/button-min.js"&gt;&lt;/script&gt;&lt;script src="/static/6a87ae42/scripts/yui/storage/storage-min.js"&gt;&lt;/script&gt;&lt;script src="/static/6a87ae42/scripts/polyfills.js" type="text/javascript"&gt;&lt;/script&gt;&lt;script src="/static/6a87ae42/scripts/hudson-behavior.js" type="text/javascript"&gt;&lt;/script&gt;&lt;script src="/static/6a87ae42/scripts/sortable.js" type="text/javascript"&gt;&lt;/script&gt;&lt;link rel="stylesheet" href="/static/6a87ae42/scripts/yui/container/assets/container.css" type="text/css" /&gt;&lt;link rel="stylesheet" href="/static/6a87ae42/scripts/yui/container/assets/skins/sam/container.css" type="text/css" /&gt;&lt;link rel="stylesheet" href="/static/6a87ae42/scripts/yui/menu/assets/skins/sam/menu.css" type="text/css" /&gt;&lt;link rel="stylesheet" href="/static/6a87ae42/jsbundles/ui-refresh-overrides.css" type="text/css" /&gt;&lt;link rel="search" href="/opensearch.xml" type="application/opensearchdescription+xml" title="Jenkins" /&gt;&lt;meta name="ROBOTS" content="INDEX,NOFOLLOW" /&gt;&lt;meta name="viewport" content="width=device-width, initial-scale=1" /&gt;&lt;script src="/static/6a87ae42/jsbundles/vendors.js" type="text/javascript"&gt;&lt;/script&gt;&lt;script src="/static/6a87ae42/jsbundles/page-init.js" type="text/javascript"&gt;&lt;/script&gt;&lt;script src="/static/6a87ae42/jsbundles/sortable-drag-drop.js" type="text/javascript"&gt;&lt;/script&gt;&lt;/head&gt;&lt;body data-model-type="jenkins.install.SetupWizard" id="jenkins" class="yui-skin-sam full-screen jenkins-2.277.4" data-version="2.277.4"&gt;&lt;iframe id="_yuiResizeMonitor" title="Text Resize Monitor" tabindex="-1" role="presentation" style="position: absolute; visibility: visible; background-color: transparent; border-width: 0px; width: 2em; height: 2em; left: 0px; top: -29px;"&gt;&lt;/iframe&gt;&lt;div id="tt" class="yui-module yui-overlay yui-tt yui-overlay-hidden" style="z-index: 999; visibility: hidden;"&gt;&lt;div class="bd"&gt;&lt;/div&gt;&lt;/div&gt;&lt;div id="page-body" class="clear"&gt;&lt;div id="main-panel"&gt;&lt;a name="skip2content"&gt;&lt;/a&gt;&lt;div class="plugin-setup-wizard-container"&gt;&lt;div class="plugin-setup-wizard bootstrap-3"&gt;
	&lt;div class="modal fade in" style="display: block;"&gt;
		&lt;div class="modal-dialog"&gt;
			&lt;div class="modal-content"&gt;











&lt;div class="modal-header"&gt;
	&lt;h4 class="modal-title"&gt;Getting Started&lt;/h4&gt;
&lt;/div&gt;
&lt;div class="modal-body installing-body"&gt;
	&lt;div class="jumbotron welcome-panel installing-panel"&gt;
		&lt;h1&gt;Getting Started&lt;/h1&gt;
		&lt;div class="progress"&gt;
		  &lt;div class="progress-bar progress-bar-striped active" role="progressbar" aria-valuenow="60" aria-valuemin="0" aria-valuemax="100" style="width: 86.0215%;"&gt;
		    &lt;span class="sr-only"&gt;Getting Started&lt;/span&gt;
		  &lt;/div&gt;
		&lt;/div&gt;
	&lt;/div&gt;

	&lt;div class="selected-plugin-progress"&gt;
		&lt;div class="selected-plugin installing" id="installing-apache_httpcomponents_client_4_api" data-tooltip=""&gt;Apache HttpComponents Client 4.x API&lt;/div&gt;
		&lt;div class="selected-plugin fail" id="installing-workflow_basic_steps" data-tooltip=""&gt;Pipeline: Basic Steps&lt;/div&gt;
		&lt;div class="selected-plugin fail" id="installing-gradle" data-tooltip=""&gt;Gradle&lt;/div&gt;
		&lt;div class="selected-plugin fail" id="installing-git_client" data-tooltip=""&gt;Git client&lt;/div&gt;
		&lt;div class="selected-plugin fail" id="installing-git_server" data-tooltip=""&gt;GIT server&lt;/div&gt;
		&lt;div class="selected-plugin fail" id="installing-workflow_cps_global_lib" data-tooltip=""&gt;Pipeline: Shared Groovy Libraries&lt;/div&gt;
		&lt;div class="selected-plugin fail" id="installing-pipeline_model_definition" data-tooltip=""&gt;Pipeline: Declarative&lt;/div&gt;
		&lt;div class="selected-plugin fail" id="installing-workflow_aggregator" data-tooltip=""&gt;Pipeline&lt;/div&gt;
		&lt;div class="selected-plugin fail" id="installing-github_api" data-tooltip=""&gt;GitHub API&lt;/div&gt;
		&lt;div class="selected-plugin fail" id="installing-git" data-tooltip=""&gt;Git&lt;/div&gt;
		&lt;div class="selected-plugin fail" id="installing-github" data-tooltip=""&gt;GitHub&lt;/div&gt;
		&lt;div class="selected-plugin fail" id="installing-github_branch_source" data-tooltip=""&gt;GitHub Branch Source&lt;/div&gt;
		&lt;div class="selected-plugin fail" id="installing-pipeline_github_lib" data-tooltip=""&gt;Pipeline: GitHub Groovy Libraries&lt;/div&gt;
	&lt;/div&gt;

	&lt;div class="install-console"&gt;
	  &lt;div class="install-console-scroll"&gt;
	    &lt;div class="install-text"&gt;&lt;div class="dependent"&gt;Folders&lt;/div&gt;&lt;div class="dependent"&gt;Trilead API&lt;/div&gt;&lt;div class="dependent"&gt;OWASP Markup Formatter&lt;/div&gt;&lt;div class="dependent"&gt;Structs&lt;/div&gt;&lt;div class="dependent"&gt;Pipeline: Step API&lt;/div&gt;&lt;div class="dependent"&gt;Token Macro&lt;/div&gt;&lt;div class="dependent"&gt;Build Timeout&lt;/div&gt;&lt;div class="dependent"&gt;Credentials&lt;/div&gt;&lt;div class="dependent"&gt;Plain Credentials&lt;/div&gt;&lt;div class="dependent"&gt;SSH Credentials&lt;/div&gt;&lt;div class="dependent"&gt;Credentials Binding&lt;/div&gt;&lt;div class="dependent"&gt;SCM API&lt;/div&gt;&lt;div class="dependent"&gt;Pipeline: API&lt;/div&gt;&lt;div class="dependent"&gt;Timestamper&lt;/div&gt;&lt;div class="dependent"&gt;Script Security&lt;/div&gt;&lt;div class="dependent"&gt;Plugin Utilities API&lt;/div&gt;&lt;div class="dependent"&gt;Font Awesome API&lt;/div&gt;&lt;div class="dependent"&gt;Popper.js API&lt;/div&gt;&lt;div class="dependent"&gt;JQuery3 API&lt;/div&gt;&lt;div class="dependent"&gt;Bootstrap 4 API&lt;/div&gt;&lt;div class="dependent"&gt;Snakeyaml API&lt;/div&gt;&lt;div class="dependent"&gt;Jackson 2 API&lt;/div&gt;&lt;div class="dependent"&gt;ECharts API&lt;/div&gt;&lt;div class="dependent"&gt;Display URL API&lt;/div&gt;&lt;div class="dependent"&gt;Pipeline: Supporting APIs&lt;/div&gt;&lt;div class="dependent"&gt;Checks API&lt;/div&gt;&lt;div class="dependent"&gt;JUnit&lt;/div&gt;&lt;div class="dependent"&gt;Matrix Project&lt;/div&gt;&lt;div class="dependent"&gt;Resource Disposer&lt;/div&gt;&lt;div class="dependent"&gt;Workspace Cleanup&lt;/div&gt;&lt;div class="dependent"&gt;Ant&lt;/div&gt;&lt;div class="dependent"&gt;Durable Task&lt;/div&gt;&lt;div class="dependent"&gt;Pipeline: Nodes and Processes&lt;/div&gt;&lt;div class="dependent"&gt;Command Agent Launcher&lt;/div&gt;&lt;div class="dependent"&gt;Oracle Java SE Development Kit Installer&lt;/div&gt;&lt;div class="dependent"&gt;bouncycastle API&lt;/div&gt;&lt;div class="dependent"&gt;JavaScript GUI Lib: ACE Editor bundle&lt;/div&gt;&lt;div class="dependent"&gt;Pipeline: SCM Step&lt;/div&gt;&lt;div class="dependent"&gt;Pipeline: Groovy&lt;/div&gt;&lt;div class="dependent"&gt;Pipeline: Job&lt;/div&gt;&lt;div class="dependent"&gt;Mailer&lt;/div&gt;&lt;div class="selected"&gt;Apache HttpComponents Client 4.x API&lt;/div&gt;&lt;div class="selected"&gt;Pipeline: Basic Steps&lt;/div&gt;&lt;div class="selected"&gt;Gradle&lt;/div&gt;&lt;div class="dependent"&gt;Pipeline: Milestone Step&lt;/div&gt;&lt;div class="dependent"&gt;Pipeline: Input Step&lt;/div&gt;&lt;div class="dependent"&gt;Pipeline: Stage Step&lt;/div&gt;&lt;div class="dependent"&gt;Pipeline Graph Analysis&lt;/div&gt;&lt;div class="dependent"&gt;Pipeline: REST API&lt;/div&gt;&lt;div class="dependent"&gt;JavaScript GUI Lib: Handlebars bundle&lt;/div&gt;&lt;div class="dependent"&gt;JavaScript GUI Lib: Moment.js bundle&lt;/div&gt;&lt;div class="dependent"&gt;Pipeline: Stage View&lt;/div&gt;&lt;div class="dependent"&gt;Pipeline: Build Step&lt;/div&gt;&lt;div class="dependent"&gt;Pipeline: Model API&lt;/div&gt;&lt;div class="dependent"&gt;Pipeline: Declarative Extension Points API&lt;/div&gt;&lt;div class="dependent"&gt;JSch dependency&lt;/div&gt;&lt;div class="selected"&gt;Git client&lt;/div&gt;&lt;div class="selected"&gt;GIT server&lt;/div&gt;&lt;div class="selected"&gt;Pipeline: Shared Groovy Libraries&lt;/div&gt;&lt;div class="dependent"&gt;Branch API&lt;/div&gt;&lt;div class="dependent"&gt;Pipeline: Multibranch&lt;/div&gt;&lt;div class="dependent"&gt;Pipeline: Stage Tags Metadata&lt;/div&gt;&lt;div class="selected"&gt;Pipeline: Declarative&lt;/div&gt;&lt;div class="dependent"&gt;Lockable Resources&lt;/div&gt;&lt;div class="selected"&gt;Pipeline&lt;/div&gt;&lt;div class="dependent"&gt;Java JSON Web Token (JJWT)&lt;/div&gt;&lt;div class="dependent"&gt;OkHttp&lt;/div&gt;&lt;div class="selected"&gt;GitHub API&lt;/div&gt;&lt;div class="selected"&gt;Git&lt;/div&gt;&lt;div class="selected"&gt;GitHub&lt;/div&gt;&lt;div class="selected"&gt;GitHub Branch Source&lt;/div&gt;&lt;div class="selected"&gt;Pipeline: GitHub Groovy Libraries&lt;/div&gt;&lt;div class="dependent"&gt;Pipeline: Stage View&lt;/div&gt;&lt;div class="selected"&gt;Git&lt;/div&gt;&lt;div class="dependent"&gt;SSH Build Agents&lt;/div&gt;&lt;div class="dependent"&gt;Matrix Authorization Strategy&lt;/div&gt;&lt;div class="dependent"&gt;PAM Authentication&lt;/div&gt;&lt;div class="dependent"&gt;LDAP&lt;/div&gt;&lt;div class="dependent"&gt;Email Extension&lt;/div&gt;&lt;div class="dependent"&gt;Mailer&lt;/div&gt;&lt;div class="selected"&gt;Apache HttpComponents Client 4.x API&lt;/div&gt;&lt;/div&gt;
	  &lt;/div&gt;
	  &lt;div class="dependency-legend"&gt;** - required dependency&lt;/div&gt;
	&lt;/div&gt;
&lt;/div&gt;
&lt;div class="modal-footer"&gt;&lt;div class="jenkins-version"&gt;Jenkins  2.277.4&lt;/div&gt;&lt;/div&gt;&lt;/div&gt;
		&lt;/div&gt;
	&lt;/div&gt;
&lt;/div&gt;&lt;/div&gt;&lt;script type="text/javascript"&gt;
    var defaultUpdateSiteId = 'default';
    var setupWizardExtensions = [];
    var onSetupWizardInitialized = function(extension) {
      setupWizardExtensions.push(extension);
    };
  &lt;/script&gt;&lt;script src="/static/6a87ae42/jsbundles/pluginSetupWizard.js" type="text/javascript"&gt;&lt;/script&gt;&lt;link rel="stylesheet" href="/static/6a87ae42/jsbundles/pluginSetupWizard.css" type="text/css" /&gt;&lt;/div&gt;&lt;/div&gt;&lt;script async="true" src="/static/6a87ae42/scripts/svgxuse.min.js" type="text/javascript"&gt;&lt;/script&gt;&lt;/body&gt;&lt;/html&gt;</msg>
<status status="PASS" starttime="20210511 09:08:56.676" endtime="20210511 09:08:57.890"/>
</kw>
<kw name="Capture Page Screenshot" library="SeleniumLibrary">
<doc>Takes a screenshot of the current page and embeds it into a log file.</doc>
<kw name="Capture Page Screenshot" library="SeleniumLibrary">
<doc>Takes a screenshot of the current page and embeds it into a log file.</doc>
<msg timestamp="20210511 09:20:50.332" level="FAIL">WebDriverException: Message: unknown error: session deleted because of page crash
from unknown error: cannot determine loading status
from tab crashed
  (Session info: headless chrome=90.0.4430.93)
  (Driver info: chromedriver=2.41.578700 (2f1ed5f9343c13f73144538f15c00b370eda6706),platform=Linux 5.4.0-1038-kvm x86_64)
</msg>
<status status="FAIL" starttime="20210511 09:20:44.155" endtime="20210511 09:20:50.335"/>
</kw>
<msg timestamp="20210511 09:20:50.336" level="WARN">Keyword 'Capture Page Screenshot' could not be run on failure: WebDriverException: Message: unknown error: session deleted because of page crash
from unknown error: cannot determine loading status
from tab crashed
  (Session info: headless chrome=90.0.4430.93)
  (Driver info: chromedriver=2.41.578700 (2f1ed5f9343c13f73144538f15c00b370eda6706),platform=Linux 5.4.0-1038-kvm x86_64)
</msg>
<msg timestamp="20210511 09:20:50.340" level="FAIL">TimeoutException: Message: timeout
  (Session info: headless chrome=90.0.4430.93)
  (Driver info: chromedriver=2.41.578700 (2f1ed5f9343c13f73144538f15c00b370eda6706),platform=Linux 5.4.0-1038-kvm x86_64)
</msg>
<status status="FAIL" starttime="20210511 09:08:57.890" endtime="20210511 09:20:50.340"/>
</kw>
<kw name="Click Element" library="SeleniumLibrary">
<arg>${installdone}</arg>
<doc>Click the element identified by ``locator``.</doc>
<status status="NOT RUN" starttime="20210511 09:20:50.354" endtime="20210511 09:20:50.354"/>
</kw>
<kw name="Capture Page Screenshot" library="SeleniumLibrary">
<doc>Takes a screenshot of the current page and embeds it into a log file.</doc>
<status status="NOT RUN" starttime="20210511 09:20:50.354" endtime="20210511 09:20:50.355"/>
</kw>
<status status="FAIL" starttime="20210511 09:08:14.915" endtime="20210511 09:20:50.356"/>
</kw>
<kw name="Close Browser" library="SeleniumLibrary">
<doc>Closes the current browser.</doc>
<status status="NOT RUN" starttime="20210511 09:20:50.360" endtime="20210511 09:20:50.360"/>
</kw>
<status status="FAIL" starttime="20210511 09:08:14.910" endtime="20210511 09:20:50.364">TimeoutException: Message: timeout
  (Session info: headless chrome=90.0.4430.93)
  (Driver info: chromedriver=2.41.578700 (2f1ed5f9343c13f73144538f15c00b370eda6706),platform=Linux 5.4.0-1038-kvm x86_64)
</status>
</test>
<status status="FAIL" starttime="20210511 08:54:13.418" endtime="20210511 09:20:50.377"/>
</suite>
<statistics>
<total>
<stat pass="3" fail="2" skip="0">All Tests</stat>
</total>
<tag>
</tag>
<suite>
<stat pass="3" fail="2" skip="0" id="s1" name="Jenkins Init">Jenkins Init</stat>
</suite>
</statistics>
<errors>
<msg timestamp="20210511 09:20:50.336" level="WARN">Keyword 'Capture Page Screenshot' could not be run on failure: WebDriverException: Message: unknown error: session deleted because of page crash
from unknown error: cannot determine loading status
from tab crashed
  (Session info: headless chrome=90.0.4430.93)
  (Driver info: chromedriver=2.41.578700 (2f1ed5f9343c13f73144538f15c00b370eda6706),platform=Linux 5.4.0-1038-kvm x86_64)
</msg>
</errors>
</robot>
